#
# A fatal error has been detected by the Java Runtime Environment:
#
#  EXCEPTION_ACCESS_VIOLATION (0xc0000005) at pc=0x00007ff951611af4, pid=9436, tid=6696
#
# JRE version: OpenJDK Runtime Environment (11.0.12+7) (build 11.0.12+7-b1504.28-7817840)
# Java VM: OpenJDK 64-Bit Server VM (11.0.12+7-b1504.28-7817840, mixed mode, tiered, compressed oops, g1 gc, windows-amd64)
# Problematic frame:
# V  [jvm.dll+0x191af4]
#
# No core dump will be written. Minidumps are not enabled by default on client versions of Windows
#
# If you would like to submit a bug report, please visit:
#   https://bugreport.java.com/bugreport/crash.jsp
#

---------------  S U M M A R Y ------------

Command Line: --add-opens=java.base/java.util=ALL-UNNAMED --add-opens=java.base/java.lang=ALL-UNNAMED --add-opens=java.base/java.lang.invoke=ALL-UNNAMED --add-opens=java.base/java.util=ALL-UNNAMED --add-opens=java.prefs/java.util.prefs=ALL-UNNAMED --add-opens=java.prefs/java.util.prefs=ALL-UNNAMED --add-opens=java.base/java.nio.charset=ALL-UNNAMED --add-opens=java.base/java.net=ALL-UNNAMED --add-opens=java.base/java.util.concurrent.atomic=ALL-UNNAMED -Xmx2048m -Dfile.encoding=UTF-8 -Duser.country=IN -Duser.language=en -Duser.variant org.gradle.launcher.daemon.bootstrap.GradleDaemon 7.4

Host: Intel(R) Core(TM) i3-1005G1 CPU @ 1.20GHz, 4 cores, 7G,  Windows 10 , 64 bit Build 19041 (10.0.19041.1348)
Time: Tue Dec 27 23:06:26 2022 India Standard Time elapsed time: 1981.176235 seconds (0d 0h 33m 1s)

---------------  T H R E A D  ---------------

Current thread (0x000001f8dafe7800):  GCTaskThread "GC Thread#0" [stack: 0x0000008a16e00000,0x0000008a16f00000] [id=6696]

Stack: [0x0000008a16e00000,0x0000008a16f00000],  sp=0x0000008a16efefb8,  free space=1019k
Native frames: (J=compiled Java code, j=interpreted, Vv=VM code, C=native code)
V  [jvm.dll+0x191af4]


siginfo: EXCEPTION_ACCESS_VIOLATION (0xc0000005), reading address 0xffffffffffffffff


Register to memory mapping:

RIP=0x00007ff951611af4 jvm.dll
RAX=0x0004000000690067 is an unknown value
RBX=
[error occurred during error reporting (printing register info), id 0xc0000005, EXCEPTION_ACCESS_VIOLATION (0xc0000005) at pc=0x00007ff951611a86]

Registers:
RAX=0x0004000000690067, RBX=0x000000008fbcda6c, RCX=0x0000000100030428, RDX=0x000000009032ac88
RSP=0x0000008a16efefb8, RBP=0x0000000000000005, RSI=0x000001f8fc93c230, RDI=0x000001f8fc93c230
R8 =0x0000000000000001, R9 =0x0000000100030428, R10=0x000000009032ac88, R11=0x000001f8fc93c3a0
R12=0x0000000000000000, R13=0x0000000000000001, R14=0x000001f8dafe98d0, R15=0x000000009032ac88
RIP=0x00007ff951611af4, EFLAGS=0x0000000000010202

Top of Stack: (sp=0x0000008a16efefb8)
0x0000008a16efefb8:   00007ff95178725c 000000008fbcd701
0x0000008a16efefc8:   0000000000000005 000001f8fc93c230
0x0000008a16efefd8:   00007ff9517581be 000001f8dafe9850
0x0000008a16efefe8:   00000000898e0bf0 0000003e8fbbe26c
0x0000008a16efeff8:   000000000000000d 0000000000000001
0x0000008a16eff008:   000001f8fc93c230 0000000000000040
0x0000008a16eff018:   000001f8dafe98d0 0000000000000000
0x0000008a16eff028:   000001f8fc93c230 0000008a16eff201
0x0000008a16eff038:   00007ff951759052 000001f8fc93c230
0x0000008a16eff048:   00007ff95175bf01 0000000000000800
0x0000008a16eff058:   000000008fbcda6c 000001f8dafe9850
0x0000008a16eff068:   00007ff9517857ab 000000000000379d
0x0000008a16eff078:   000000000000379a 0000008a16eff201
0x0000008a16eff088:   00007ff951794576 000000008adfcc08
0x0000008a16eff098:   000001f8f8cdf8f8 0000000000000000
0x0000008a16eff0a8:   00007ff951a75ccf 0000008a16eff150 

Instructions: (pc=0x00007ff951611af4)
0x00007ff9516119f4:   0f 73 d9 08 66 48 0f 7e c8 48 85 c0 74 28 48 8b
0x00007ff951611a04:   01 48 8d 54 24 20 0f 29 44 24 20 ff 50 40 33 c0
0x00007ff951611a14:   48 89 44 24 20 48 89 44 24 28 0f 10 44 24 20 0f
0x00007ff951611a24:   11 83 98 03 00 00 48 83 c4 30 5b c3 48 8b 49 38
0x00007ff951611a34:   48 8b 01 48 ff 60 28 cc cc cc cc cc 80 3d 91 a6
0x00007ff951611a44:   87 00 00 48 8b c1 74 1b 8b 51 08 8b 0d 83 13 83
0x00007ff951611a54:   00 48 d3 e2 48 8b c8 48 03 15 6e 13 83 00 e9 19
0x00007ff951611a64:   00 00 00 48 8b 51 08 48 8b c8 e9 0d 00 00 00 cc
0x00007ff951611a74:   cc cc cc cc cc cc cc cc cc cc cc cc 4c 8b ca 48
0x00007ff951611a84:   8b d1 45 8b 41 08 45 85 c0 7e 0e 41 f6 c0 01 75
0x00007ff951611a94:   59 41 c1 f8 03 41 8b c0 c3 79 4f 80 3d 32 a6 87
0x00007ff951611aa4:   00 00 b8 0c 00 00 00 b9 10 00 00 00 0f 45 c8 8b
0x00007ff951611ab4:   05 ab 5c 81 00 ff c8 4c 63 c8 48 63 c1 41 8b c8
0x00007ff951611ac4:   83 e1 3f 48 63 14 10 41 8b c0 48 c1 f8 10 0f b6
0x00007ff951611ad4:   c0 48 d3 e2 49 8d 0c 11 49 f7 d1 48 03 c1 49 c1
0x00007ff951611ae4:   e9 03 48 c1 e8 03 41 23 c1 c3 49 8b 01 49 8b c9
0x00007ff951611af4:   48 ff a0 10 01 00 00 cc cc cc cc cc 48 83 ec 38
0x00007ff951611b04:   0f 10 02 48 8b 49 38 48 8d 54 24 20 0f 29 44 24
0x00007ff951611b14:   20 e8 66 f0 ff ff 48 83 c4 38 c3 cc 48 89 5c 24
0x00007ff951611b24:   08 55 56 57 41 54 41 55 41 56 41 57 48 8d 6c 24
0x00007ff951611b34:   e0 48 81 ec 20 01 00 00 48 8b 05 7d 99 84 00 48
0x00007ff951611b44:   33 c4 48 89 45 10 48 8b 05 ff 0f 87 00 45 33 ed
0x00007ff951611b54:   4c 8b b5 80 00 00 00 4c 8b fa 48 8b bd 88 00 00
0x00007ff951611b64:   00 4d 8b c6 49 8b d6 49 8b f1 48 8b 48 38 48 8b
0x00007ff951611b74:   59 48 49 8b cf c7 45 c0 ff ff ff ff 44 89 6d d4
0x00007ff951611b84:   4c 89 6d d8 44 88 6d e0 c7 45 e8 ff ff ff ff 44
0x00007ff951611b94:   89 6d fc 4c 89 6d 00 44 88 6d 08 e8 6c 0d f6 ff
0x00007ff951611ba4:   41 b1 01 4c 8d 45 e8 41 8d 55 04 49 8b cf e8 e9
0x00007ff951611bb4:   c5 f4 ff 48 8b 05 aa 21 6f 00 4c 8d 25 ab c8 5c
0x00007ff951611bc4:   00 48 89 44 24 30 4c 8d 44 24 70 0f b6 05 f9 a4
0x00007ff951611bd4:   87 00 49 8b d6 f6 d8 48 89 74 24 20 4c 89 74 24
0x00007ff951611be4:   28 0f 10 44 24 20 1b c9 44 89 6c 24 3c 83 c1 03 


Stack slot to memory mapping:
stack at sp + 0 slots: 0x00007ff95178725c jvm.dll
stack at sp + 1 slots: 
[error occurred during error reporting (inspecting top of stack), id 0xc0000005, EXCEPTION_ACCESS_VIOLATION (0xc0000005) at pc=0x00007ff951611a86]


---------------  P R O C E S S  ---------------

Threads class SMR info:
_java_thread_list=0x000001f88bf9c720, length=79, elements={
0x000001f8dafce000, 0x000001f8f4be2800, 0x000001f8f4be3800, 0x000001f8f4bfa800,
0x000001f8f4bfd000, 0x000001f8f4bff800, 0x000001f8f4c01800, 0x000001f8f4c06000,
0x000001f8f4c0f800, 0x000001f8f56c2800, 0x000001f8f56c1800, 0x000001f8f56bc800,
0x000001f8f56be800, 0x000001f8f7ba8800, 0x000001f8f7ba6800, 0x000001f8f7ba9000,
0x000001f8f7ba4800, 0x000001f8f7ba3800, 0x000001f8f7bab000, 0x000001f8f7ba7800,
0x000001f8f7baf000, 0x000001f8f7baa000, 0x000001f8f7bb2000, 0x000001f8f7bad000,
0x000001f8fada3000, 0x000001f8f5a61000, 0x000001f8f5a62000, 0x000001f8f5a5d000,
0x000001f8f5a63800, 0x000001f8f5a5e000, 0x000001f8f5a62800, 0x000001f8f5a64800,
0x000001f8f5a5e800, 0x000001f8f5a6a000, 0x000001f8f5a6b000, 0x000001f8f5a66000,
0x000001f8f5a67800, 0x000001f8f5a69800, 0x000001f8f5a65000, 0x000001f8fb172000,
0x000001f8fb172800, 0x000001f8fb174800, 0x000001f8fb16e800, 0x000001f8fb175000,
0x000001f8fb16f800, 0x000001f8fb176000, 0x000001f8fb177800, 0x000001f8fb178800,
0x000001f8fb17b000, 0x000001f8fb176800, 0x000001f8fb17b800, 0x000001f8fb17d800,
0x000001f8fb17a000, 0x000001f8fb179000, 0x000001f8fb17c800, 0x000001f8fad9d800,
0x000001f8fada1800, 0x000001f8fad9e000, 0x000001f8fada0800, 0x000001f8fad9c800,
0x000001f8fad9f800, 0x000001f8fada8000, 0x000001f8fada5800, 0x000001f8fada2000,
0x000001f8fada9800, 0x000001f8fada8800, 0x000001f8fada4800, 0x000001f8fada4000,
0x000001f8fadaa800, 0x000001f8fadab000, 0x000001f8fc5e9000, 0x000001f8fc5e3000,
0x000001f8fc5e8000, 0x000001f8fc5e9800, 0x000001f8fc5e5800, 0x000001f8f7ba6000,
0x000001f8f7baf800, 0x000001f8f7bb0800, 0x000001f8f56bf000
}

Java Threads: ( => current thread )
  0x000001f8dafce000 JavaThread "main" [_thread_blocked, id=2220, stack(0x0000008a16d00000,0x0000008a16e00000)]
  0x000001f8f4be2800 JavaThread "Reference Handler" daemon [_thread_blocked, id=6564, stack(0x0000008a17400000,0x0000008a17500000)]
  0x000001f8f4be3800 JavaThread "Finalizer" daemon [_thread_blocked, id=3464, stack(0x0000008a17500000,0x0000008a17600000)]
  0x000001f8f4bfa800 JavaThread "Signal Dispatcher" daemon [_thread_blocked, id=10180, stack(0x0000008a17600000,0x0000008a17700000)]
  0x000001f8f4bfd000 JavaThread "Attach Listener" daemon [_thread_blocked, id=10068, stack(0x0000008a17700000,0x0000008a17800000)]
  0x000001f8f4bff800 JavaThread "Service Thread" daemon [_thread_blocked, id=10164, stack(0x0000008a17800000,0x0000008a17900000)]
  0x000001f8f4c01800 JavaThread "C2 CompilerThread0" daemon [_thread_blocked, id=6708, stack(0x0000008a17900000,0x0000008a17a00000)]
  0x000001f8f4c06000 JavaThread "C1 CompilerThread0" daemon [_thread_blocked, id=9732, stack(0x0000008a17a00000,0x0000008a17b00000)]
  0x000001f8f4c0f800 JavaThread "Sweeper thread" daemon [_thread_blocked, id=1232, stack(0x0000008a17b00000,0x0000008a17c00000)]
  0x000001f8f56c2800 JavaThread "Common-Cleaner" daemon [_thread_blocked, id=8896, stack(0x0000008a17c00000,0x0000008a17d00000)]
  0x000001f8f56c1800 JavaThread "Daemon health stats" [_thread_blocked, id=9736, stack(0x0000008a18100000,0x0000008a18200000)]
  0x000001f8f56bc800 JavaThread "Incoming local TCP Connector on port 50234" [_thread_in_native, id=8444, stack(0x0000008a17e00000,0x0000008a17f00000)]
  0x000001f8f56be800 JavaThread "Daemon periodic checks" [_thread_blocked, id=3300, stack(0x0000008a18200000,0x0000008a18300000)]
  0x000001f8f7ba8800 JavaThread "Cache worker for journal cache (C:\Users\HP\.gradle\caches\journal-1)" [_thread_blocked, id=10168, stack(0x0000008a18b00000,0x0000008a18c00000)]
  0x000001f8f7ba6800 JavaThread "File lock request listener" [_thread_in_native, id=6628, stack(0x0000008a18c00000,0x0000008a18d00000)]
  0x000001f8f7ba9000 JavaThread "Cache worker for file hash cache (C:\Users\HP\.gradle\caches\7.4\fileHashes)" [_thread_blocked, id=8520, stack(0x0000008a18d00000,0x0000008a18e00000)]
  0x000001f8f7ba4800 JavaThread "File watcher server" daemon [_thread_blocked, id=9260, stack(0x0000008a18f00000,0x0000008a19000000)]
  0x000001f8f7ba3800 JavaThread "File watcher consumer" daemon [_thread_blocked, id=6640, stack(0x0000008a19000000,0x0000008a19100000)]
  0x000001f8f7bab000 JavaThread "jar transforms" [_thread_blocked, id=10088, stack(0x0000008a19100000,0x0000008a19200000)]
  0x000001f8f7ba7800 JavaThread "jar transforms Thread 2" [_thread_blocked, id=8216, stack(0x0000008a19200000,0x0000008a19300000)]
  0x000001f8f7baf000 JavaThread "jar transforms Thread 3" [_thread_blocked, id=9684, stack(0x0000008a19300000,0x0000008a19400000)]
  0x000001f8f7baa000 JavaThread "jar transforms Thread 4" [_thread_blocked, id=8256, stack(0x0000008a19400000,0x0000008a19500000)]
  0x000001f8f7bb2000 JavaThread "Cache worker for execution history cache (C:\Users\HP\.gradle\caches\7.4\executionHistory)" [_thread_blocked, id=5720, stack(0x0000008a19900000,0x0000008a19a00000)]
  0x000001f8f7bad000 JavaThread "Cache worker for file content cache (C:\Users\HP\.gradle\caches\7.4\fileContent)" [_thread_blocked, id=6352, stack(0x0000008a19a00000,0x0000008a19b00000)]
  0x000001f8fada3000 JavaThread "Memory manager" [_thread_blocked, id=6292, stack(0x0000008a1c500000,0x0000008a1c600000)]
  0x000001f8f5a61000 JavaThread "Daemon Thread 7" [_thread_blocked, id=8240, stack(0x0000008a16a00000,0x0000008a16b00000)]
  0x000001f8f5a62000 JavaThread "Daemon worker Thread 7" [_thread_blocked, id=8104, stack(0x0000008a18300000,0x0000008a18400000)]
  0x000001f8f5a5d000 JavaThread "Handler for socket connection from /127.0.0.1:50234 to /127.0.0.1:51162" [_thread_in_native, id=8848, stack(0x0000008a16b00000,0x0000008a16c00000)]
  0x000001f8f5a63800 JavaThread "Cancel handler" [_thread_blocked, id=1028, stack(0x0000008a16c00000,0x0000008a16d00000)]
  0x000001f8f5a5e000 JavaThread "Asynchronous log dispatcher for DefaultDaemonConnection: socket connection from /127.0.0.1:50234 to /127.0.0.1:51162" [_thread_blocked, id=9896, stack(0x0000008a18400000,0x0000008a18500000)]
  0x000001f8f5a62800 JavaThread "Daemon client event forwarder" [_thread_blocked, id=7464, stack(0x0000008a18600000,0x0000008a18700000)]
  0x000001f8f5a64800 JavaThread "Cache worker for checksums cache (C:\dev\playground\.gradle\7.4\checksums)" [_thread_blocked, id=5380, stack(0x0000008a18700000,0x0000008a18800000)]
  0x000001f8f5a5e800 JavaThread "Cache worker for cache directory md-rule (C:\Users\HP\.gradle\caches\7.4\md-rule)" [_thread_blocked, id=2488, stack(0x0000008a18800000,0x0000008a18900000)]
  0x000001f8f5a6a000 JavaThread "Cache worker for file hash cache (C:\dev\playground\.gradle\7.4\fileHashes)" [_thread_blocked, id=6400, stack(0x0000008a18900000,0x0000008a18a00000)]
  0x000001f8f5a6b000 JavaThread "Cache worker for cache directory md-supplier (C:\Users\HP\.gradle\caches\7.4\md-supplier)" [_thread_blocked, id=7372, stack(0x0000008a18e00000,0x0000008a18f00000)]
  0x000001f8f5a66000 JavaThread "Cache worker for dependencies-accessors (C:\dev\playground\.gradle\7.4\dependencies-accessors)" [_thread_blocked, id=6372, stack(0x0000008a19500000,0x0000008a19600000)]
  0x000001f8f5a67800 JavaThread "Cache worker for Build Output Cleanup Cache (C:\dev\playground\.gradle\buildOutputCleanup)" [_thread_blocked, id=4952, stack(0x0000008a19600000,0x0000008a19700000)]
  0x000001f8f5a69800 JavaThread "Unconstrained build operations" [_thread_blocked, id=8840, stack(0x0000008a19800000,0x0000008a19900000)]
  0x000001f8f5a65000 JavaThread "Unconstrained build operations Thread 2" [_thread_blocked, id=3584, stack(0x0000008a19b00000,0x0000008a19c00000)]
  0x000001f8fb172000 JavaThread "Unconstrained build operations Thread 3" [_thread_blocked, id=7380, stack(0x0000008a19c00000,0x0000008a19d00000)]
  0x000001f8fb172800 JavaThread "Unconstrained build operations Thread 4" [_thread_blocked, id=6064, stack(0x0000008a19d00000,0x0000008a19e00000)]
  0x000001f8fb174800 JavaThread "Unconstrained build operations Thread 5" [_thread_blocked, id=5808, stack(0x0000008a19e00000,0x0000008a19f00000)]
  0x000001f8fb16e800 JavaThread "Unconstrained build operations Thread 6" [_thread_blocked, id=9144, stack(0x0000008a19f00000,0x0000008a1a000000)]
  0x000001f8fb175000 JavaThread "Unconstrained build operations Thread 7" [_thread_blocked, id=4380, stack(0x0000008a1a000000,0x0000008a1a100000)]
  0x000001f8fb16f800 JavaThread "Unconstrained build operations Thread 8" [_thread_blocked, id=2628, stack(0x0000008a1a100000,0x0000008a1a200000)]
  0x000001f8fb176000 JavaThread "Unconstrained build operations Thread 9" [_thread_blocked, id=5016, stack(0x0000008a1a200000,0x0000008a1a300000)]
  0x000001f8fb177800 JavaThread "Unconstrained build operations Thread 10" [_thread_blocked, id=3492, stack(0x0000008a1a300000,0x0000008a1a400000)]
  0x000001f8fb178800 JavaThread "Unconstrained build operations Thread 11" [_thread_blocked, id=6820, stack(0x0000008a1a400000,0x0000008a1a500000)]
  0x000001f8fb17b000 JavaThread "Unconstrained build operations Thread 12" [_thread_blocked, id=6580, stack(0x0000008a1a500000,0x0000008a1a600000)]
  0x000001f8fb176800 JavaThread "Unconstrained build operations Thread 13" [_thread_blocked, id=2496, stack(0x0000008a1a600000,0x0000008a1a700000)]
  0x000001f8fb17b800 JavaThread "Unconstrained build operations Thread 14" [_thread_blocked, id=4448, stack(0x0000008a1a700000,0x0000008a1a800000)]
  0x000001f8fb17d800 JavaThread "Unconstrained build operations Thread 15" [_thread_blocked, id=2824, stack(0x0000008a1a800000,0x0000008a1a900000)]
  0x000001f8fb17a000 JavaThread "Unconstrained build operations Thread 16" [_thread_blocked, id=3204, stack(0x0000008a1a900000,0x0000008a1aa00000)]
  0x000001f8fb179000 JavaThread "Unconstrained build operations Thread 17" [_thread_blocked, id=8748, stack(0x0000008a1aa00000,0x0000008a1ab00000)]
  0x000001f8fb17c800 JavaThread "Unconstrained build operations Thread 18" [_thread_blocked, id=1332, stack(0x0000008a1ab00000,0x0000008a1ac00000)]
  0x000001f8fad9d800 JavaThread "Unconstrained build operations Thread 19" [_thread_blocked, id=9112, stack(0x0000008a1ac00000,0x0000008a1ad00000)]
  0x000001f8fada1800 JavaThread "Unconstrained build operations Thread 20" [_thread_blocked, id=5008, stack(0x0000008a1ad00000,0x0000008a1ae00000)]
  0x000001f8fad9e000 JavaThread "Unconstrained build operations Thread 21" [_thread_blocked, id=5872, stack(0x0000008a1ae00000,0x0000008a1af00000)]
  0x000001f8fada0800 JavaThread "Unconstrained build operations Thread 22" [_thread_blocked, id=9132, stack(0x0000008a1af00000,0x0000008a1b000000)]
  0x000001f8fad9c800 JavaThread "Unconstrained build operations Thread 23" [_thread_blocked, id=2892, stack(0x0000008a1b000000,0x0000008a1b100000)]
  0x000001f8fad9f800 JavaThread "Unconstrained build operations Thread 24" [_thread_blocked, id=5520, stack(0x0000008a1b100000,0x0000008a1b200000)]
  0x000001f8fada8000 JavaThread "Unconstrained build operations Thread 25" [_thread_blocked, id=8856, stack(0x0000008a1b200000,0x0000008a1b300000)]
  0x000001f8fada5800 JavaThread "Unconstrained build operations Thread 26" [_thread_blocked, id=4968, stack(0x0000008a1b300000,0x0000008a1b400000)]
  0x000001f8fada2000 JavaThread "Unconstrained build operations Thread 27" [_thread_blocked, id=5436, stack(0x0000008a1b400000,0x0000008a1b500000)]
  0x000001f8fada9800 JavaThread "Unconstrained build operations Thread 28" [_thread_blocked, id=4388, stack(0x0000008a1b500000,0x0000008a1b600000)]
  0x000001f8fada8800 JavaThread "Unconstrained build operations Thread 29" [_thread_blocked, id=2372, stack(0x0000008a1b600000,0x0000008a1b700000)]
  0x000001f8fada4800 JavaThread "Unconstrained build operations Thread 30" [_thread_blocked, id=3576, stack(0x0000008a1b700000,0x0000008a1b800000)]
  0x000001f8fada4000 JavaThread "Unconstrained build operations Thread 31" [_thread_blocked, id=8484, stack(0x0000008a1b800000,0x0000008a1b900000)]
  0x000001f8fadaa800 JavaThread "Unconstrained build operations Thread 32" [_thread_blocked, id=5012, stack(0x0000008a1b900000,0x0000008a1ba00000)]
  0x000001f8fadab000 JavaThread "Unconstrained build operations Thread 33" [_thread_blocked, id=5368, stack(0x0000008a1ba00000,0x0000008a1bb00000)]
  0x000001f8fc5e9000 JavaThread "Unconstrained build operations Thread 34" [_thread_blocked, id=1992, stack(0x0000008a1bb00000,0x0000008a1bc00000)]
  0x000001f8fc5e3000 JavaThread "Unconstrained build operations Thread 35" [_thread_blocked, id=3692, stack(0x0000008a1bc00000,0x0000008a1bd00000)]
  0x000001f8fc5e8000 JavaThread "Unconstrained build operations Thread 36" [_thread_blocked, id=9924, stack(0x0000008a1bd00000,0x0000008a1be00000)]
  0x000001f8fc5e9800 JavaThread "Unconstrained build operations Thread 37" [_thread_blocked, id=9008, stack(0x0000008a1be00000,0x0000008a1bf00000)]
  0x000001f8fc5e5800 JavaThread "Unconstrained build operations Thread 38" [_thread_blocked, id=7060, stack(0x0000008a1bf00000,0x0000008a1c000000)]
  0x000001f8f7ba6000 JavaThread "Unconstrained build operations Thread 39" [_thread_blocked, id=756, stack(0x0000008a1c000000,0x0000008a1c100000)]
  0x000001f8f7baf800 JavaThread "Unconstrained build operations Thread 40" [_thread_blocked, id=10048, stack(0x0000008a1c100000,0x0000008a1c200000)]
  0x000001f8f7bb0800 JavaThread "included builds" [_thread_blocked, id=2804, stack(0x0000008a19700000,0x0000008a19800000)]
  0x000001f8f56bf000 JavaThread "Cache worker for execution history cache (C:\dev\playground\.gradle\7.4\executionHistory)" [_thread_blocked, id=5844, stack(0x0000008a1c700000,0x0000008a1c800000)]

Other Threads:
  0x000001f8f4be0000 VMThread "VM Thread" [stack: 0x0000008a17300000,0x0000008a17400000] [id=10060]
  0x000001f8f4ba7800 WatcherThread [stack: 0x0000008a17d00000,0x0000008a17e00000] [id=60]
=>0x000001f8dafe7800 GCTaskThread "GC Thread#0" [stack: 0x0000008a16e00000,0x0000008a16f00000] [id=6696]
  0x000001f8f5f1b000 GCTaskThread "GC Thread#1" [stack: 0x0000008a17f00000,0x0000008a18000000] [id=976]
  0x000001f8f6193800 GCTaskThread "GC Thread#2" [stack: 0x0000008a18000000,0x0000008a18100000] [id=3304]
  0x000001f8f8af5800 GCTaskThread "GC Thread#3" [stack: 0x0000008a18a00000,0x0000008a18b00000] [id=3768]
  0x000001f8db018000 ConcurrentGCThread "G1 Main Marker" [stack: 0x0000008a16f00000,0x0000008a17000000] [id=9820]
  0x000001f8db019000 ConcurrentGCThread "G1 Conc#0" [stack: 0x0000008a17000000,0x0000008a17100000] [id=8296]
  0x000001f8db0a7000 ConcurrentGCThread "G1 Refine#0" [stack: 0x0000008a17100000,0x0000008a17200000] [id=9612]
  0x000001f8db0a8000 ConcurrentGCThread "G1 Young RemSet Sampling" [stack: 0x0000008a17200000,0x0000008a17300000] [id=4996]

Threads with active compile tasks:

VM state:at safepoint (normal execution)

VM Mutex/Monitor currently owned by a thread:  ([mutex/lock_event])
[0x000001f8dafcab10] Threads_lock - owner thread: 0x000001f8f4be0000
[0x000001f8dafcb650] Heap_lock - owner thread: 0x000001f8f5a62000

Heap address: 0x0000000080000000, size: 2048 MB, Compressed Oops mode: 32-bit
Narrow klass base: 0x0000000000000000, Narrow klass shift: 3
Compressed class space size: 1073741824 Address: 0x0000000100000000

Heap:
 garbage-first heap   total 324608K, used 281298K [0x0000000080000000, 0x0000000100000000)
  region size 1024K, 66 young (67584K), 1 survivors (1024K)
 Metaspace       used 229921K, capacity 236647K, committed 237004K, reserved 1255424K
  class space    used 29456K, capacity 31853K, committed 31948K, reserved 1048576K
Heap Regions: E=young(eden), S=young(survivor), O=old, HS=humongous(starts), HC=humongous(continues), CS=collection set, F=free, A=archive, TAMS=top-at-mark-start (previous, next)
|   0|0x0000000080000000, 0x0000000080100000, 0x0000000080100000|100%|HS|  |TAMS 0x0000000080100000, 0x0000000080000000| Complete 
|   1|0x0000000080100000, 0x0000000080200000, 0x0000000080200000|100%|HC|  |TAMS 0x0000000080200000, 0x0000000080100000| Complete 
|   2|0x0000000080200000, 0x0000000080300000, 0x0000000080300000|100%|HC|  |TAMS 0x0000000080300000, 0x0000000080200000| Complete 
|   3|0x0000000080300000, 0x0000000080400000, 0x0000000080400000|100%| O|  |TAMS 0x0000000080400000, 0x0000000080300000| Untracked 
|   4|0x0000000080400000, 0x0000000080500000, 0x0000000080500000|100%| O|  |TAMS 0x0000000080500000, 0x0000000080400000| Untracked 
|   5|0x0000000080500000, 0x0000000080600000, 0x0000000080600000|100%| O|  |TAMS 0x0000000080600000, 0x0000000080500000| Untracked 
|   6|0x0000000080600000, 0x0000000080700000, 0x0000000080700000|100%| O|  |TAMS 0x0000000080700000, 0x0000000080600000| Untracked 
|   7|0x0000000080700000, 0x0000000080800000, 0x0000000080800000|100%| O|  |TAMS 0x0000000080800000, 0x0000000080700000| Untracked 
|   8|0x0000000080800000, 0x0000000080900000, 0x0000000080900000|100%| O|  |TAMS 0x0000000080900000, 0x0000000080800000| Untracked 
|   9|0x0000000080900000, 0x0000000080a00000, 0x0000000080a00000|100%| O|  |TAMS 0x0000000080a00000, 0x0000000080900000| Untracked 
|  10|0x0000000080a00000, 0x0000000080b00000, 0x0000000080b00000|100%| O|  |TAMS 0x0000000080b00000, 0x0000000080a00000| Untracked 
|  11|0x0000000080b00000, 0x0000000080c00000, 0x0000000080c00000|100%| O|  |TAMS 0x0000000080c00000, 0x0000000080b00000| Untracked 
|  12|0x0000000080c00000, 0x0000000080d00000, 0x0000000080d00000|100%| O|  |TAMS 0x0000000080d00000, 0x0000000080c00000| Untracked 
|  13|0x0000000080d00000, 0x0000000080e00000, 0x0000000080e00000|100%| O|  |TAMS 0x0000000080e00000, 0x0000000080d00000| Untracked 
|  14|0x0000000080e00000, 0x0000000080f00000, 0x0000000080f00000|100%| O|  |TAMS 0x0000000080f00000, 0x0000000080e00000| Untracked 
|  15|0x0000000080f00000, 0x0000000081000000, 0x0000000081000000|100%| O|  |TAMS 0x0000000081000000, 0x0000000080f00000| Untracked 
|  16|0x0000000081000000, 0x0000000081100000, 0x0000000081100000|100%|HS|  |TAMS 0x0000000081100000, 0x0000000081000000| Complete 
|  17|0x0000000081100000, 0x0000000081200000, 0x0000000081200000|100%|HC|  |TAMS 0x0000000081200000, 0x0000000081100000| Complete 
|  18|0x0000000081200000, 0x0000000081300000, 0x0000000081300000|100%|HS|  |TAMS 0x0000000081300000, 0x0000000081200000| Complete 
|  19|0x0000000081300000, 0x0000000081400000, 0x0000000081400000|100%|HC|  |TAMS 0x0000000081400000, 0x0000000081300000| Complete 
|  20|0x0000000081400000, 0x0000000081500000, 0x0000000081500000|100%|HC|  |TAMS 0x0000000081500000, 0x0000000081400000| Complete 
|  21|0x0000000081500000, 0x0000000081600000, 0x0000000081600000|100%|HS|  |TAMS 0x0000000081600000, 0x0000000081500000| Complete 
|  22|0x0000000081600000, 0x0000000081700000, 0x0000000081700000|100%|HS|  |TAMS 0x0000000081700000, 0x0000000081600000| Complete 
|  23|0x0000000081700000, 0x0000000081800000, 0x0000000081800000|100%|HC|  |TAMS 0x0000000081800000, 0x0000000081700000| Complete 
|  24|0x0000000081800000, 0x0000000081900000, 0x0000000081900000|100%|HC|  |TAMS 0x0000000081900000, 0x0000000081800000| Complete 
|  25|0x0000000081900000, 0x0000000081a00000, 0x0000000081a00000|100%|HC|  |TAMS 0x0000000081a00000, 0x0000000081900000| Complete 
|  26|0x0000000081a00000, 0x0000000081b00000, 0x0000000081b00000|100%| O|  |TAMS 0x0000000081b00000, 0x0000000081a00000| Untracked 
|  27|0x0000000081b00000, 0x0000000081c00000, 0x0000000081c00000|100%| O|  |TAMS 0x0000000081c00000, 0x0000000081b00000| Untracked 
|  28|0x0000000081c00000, 0x0000000081d00000, 0x0000000081d00000|100%| O|  |TAMS 0x0000000081d00000, 0x0000000081c00000| Untracked 
|  29|0x0000000081d00000, 0x0000000081e00000, 0x0000000081e00000|100%|HS|  |TAMS 0x0000000081e00000, 0x0000000081d00000| Complete 
|  30|0x0000000081e00000, 0x0000000081f00000, 0x0000000081f00000|100%| O|  |TAMS 0x0000000081f00000, 0x0000000081e00000| Untracked 
|  31|0x0000000081f00000, 0x0000000082000000, 0x0000000082000000|100%| O|  |TAMS 0x0000000082000000, 0x0000000081f00000| Untracked 
|  32|0x0000000082000000, 0x0000000082100000, 0x0000000082100000|100%| O|  |TAMS 0x0000000082100000, 0x0000000082000000| Untracked 
|  33|0x0000000082100000, 0x0000000082200000, 0x0000000082200000|100%| O|  |TAMS 0x0000000082200000, 0x0000000082100000| Untracked 
|  34|0x0000000082200000, 0x0000000082300000, 0x0000000082300000|100%| O|  |TAMS 0x0000000082300000, 0x0000000082200000| Untracked 
|  35|0x0000000082300000, 0x0000000082400000, 0x0000000082400000|100%| O|  |TAMS 0x0000000082400000, 0x0000000082300000| Untracked 
|  36|0x0000000082400000, 0x0000000082500000, 0x0000000082500000|100%| O|  |TAMS 0x0000000082500000, 0x0000000082400000| Untracked 
|  37|0x0000000082500000, 0x0000000082600000, 0x0000000082600000|100%|HS|  |TAMS 0x0000000082600000, 0x0000000082500000| Complete 
|  38|0x0000000082600000, 0x0000000082700000, 0x0000000082700000|100%|HC|  |TAMS 0x0000000082700000, 0x0000000082600000| Complete 
|  39|0x0000000082700000, 0x0000000082800000, 0x0000000082800000|100%|HC|  |TAMS 0x0000000082800000, 0x0000000082700000| Complete 
|  40|0x0000000082800000, 0x0000000082900000, 0x0000000082900000|100%| O|  |TAMS 0x0000000082900000, 0x0000000082800000| Untracked 
|  41|0x0000000082900000, 0x0000000082a00000, 0x0000000082a00000|100%| O|  |TAMS 0x0000000082a00000, 0x0000000082900000| Untracked 
|  42|0x0000000082a00000, 0x0000000082b00000, 0x0000000082b00000|100%| O|  |TAMS 0x0000000082b00000, 0x0000000082a00000| Untracked 
|  43|0x0000000082b00000, 0x0000000082c00000, 0x0000000082c00000|100%| O|  |TAMS 0x0000000082c00000, 0x0000000082b00000| Untracked 
|  44|0x0000000082c00000, 0x0000000082d00000, 0x0000000082d00000|100%| O|  |TAMS 0x0000000082d00000, 0x0000000082c00000| Untracked 
|  45|0x0000000082d00000, 0x0000000082e00000, 0x0000000082e00000|100%|HS|  |TAMS 0x0000000082e00000, 0x0000000082d00000| Complete 
|  46|0x0000000082e00000, 0x0000000082f00000, 0x0000000082f00000|100%|HC|  |TAMS 0x0000000082f00000, 0x0000000082e00000| Complete 
|  47|0x0000000082f00000, 0x0000000083000000, 0x0000000083000000|100%|HC|  |TAMS 0x0000000083000000, 0x0000000082f00000| Complete 
|  48|0x0000000083000000, 0x0000000083100000, 0x0000000083100000|100%|HC|  |TAMS 0x0000000083100000, 0x0000000083000000| Complete 
|  49|0x0000000083100000, 0x0000000083200000, 0x0000000083200000|100%| O|  |TAMS 0x0000000083200000, 0x0000000083100000| Untracked 
|  50|0x0000000083200000, 0x0000000083300000, 0x0000000083300000|100%| O|  |TAMS 0x0000000083300000, 0x0000000083200000| Untracked 
|  51|0x0000000083300000, 0x0000000083400000, 0x0000000083400000|100%| O|  |TAMS 0x0000000083400000, 0x0000000083300000| Untracked 
|  52|0x0000000083400000, 0x0000000083500000, 0x0000000083500000|100%| O|  |TAMS 0x0000000083500000, 0x0000000083400000| Untracked 
|  53|0x0000000083500000, 0x0000000083600000, 0x0000000083600000|100%|HS|  |TAMS 0x0000000083600000, 0x0000000083500000| Complete 
|  54|0x0000000083600000, 0x0000000083700000, 0x0000000083700000|100%|HS|  |TAMS 0x0000000083700000, 0x0000000083600000| Complete 
|  55|0x0000000083700000, 0x0000000083800000, 0x0000000083800000|100%|HS|  |TAMS 0x0000000083800000, 0x0000000083700000| Complete 
|  56|0x0000000083800000, 0x0000000083900000, 0x0000000083900000|100%|HS|  |TAMS 0x0000000083900000, 0x0000000083800000| Complete 
|  57|0x0000000083900000, 0x0000000083a00000, 0x0000000083a00000|100%|HC|  |TAMS 0x0000000083a00000, 0x0000000083900000| Complete 
|  58|0x0000000083a00000, 0x0000000083b00000, 0x0000000083b00000|100%|HC|  |TAMS 0x0000000083b00000, 0x0000000083a00000| Complete 
|  59|0x0000000083b00000, 0x0000000083c00000, 0x0000000083c00000|100%|HS|  |TAMS 0x0000000083c00000, 0x0000000083b00000| Complete 
|  60|0x0000000083c00000, 0x0000000083d00000, 0x0000000083d00000|100%|HC|  |TAMS 0x0000000083d00000, 0x0000000083c00000| Complete 
|  61|0x0000000083d00000, 0x0000000083e00000, 0x0000000083e00000|100%| O|  |TAMS 0x0000000083e00000, 0x0000000083d00000| Untracked 
|  62|0x0000000083e00000, 0x0000000083f00000, 0x0000000083f00000|100%| O|  |TAMS 0x0000000083f00000, 0x0000000083e00000| Untracked 
|  63|0x0000000083f00000, 0x0000000084000000, 0x0000000084000000|100%| O|  |TAMS 0x0000000084000000, 0x0000000083f00000| Untracked 
|  64|0x0000000084000000, 0x0000000084100000, 0x0000000084100000|100%| O|  |TAMS 0x0000000084100000, 0x0000000084000000| Untracked 
|  65|0x0000000084100000, 0x0000000084200000, 0x0000000084200000|100%| O|  |TAMS 0x0000000084200000, 0x0000000084100000| Untracked 
|  66|0x0000000084200000, 0x0000000084300000, 0x0000000084300000|100%| O|  |TAMS 0x0000000084300000, 0x0000000084200000| Untracked 
|  67|0x0000000084300000, 0x0000000084400000, 0x0000000084400000|100%| O|  |TAMS 0x0000000084400000, 0x0000000084300000| Untracked 
|  68|0x0000000084400000, 0x0000000084500000, 0x0000000084500000|100%| O|  |TAMS 0x0000000084500000, 0x0000000084400000| Untracked 
|  69|0x0000000084500000, 0x0000000084600000, 0x0000000084600000|100%| O|  |TAMS 0x0000000084600000, 0x0000000084500000| Untracked 
|  70|0x0000000084600000, 0x0000000084700000, 0x0000000084700000|100%| O|  |TAMS 0x0000000084700000, 0x0000000084600000| Untracked 
|  71|0x0000000084700000, 0x0000000084800000, 0x0000000084800000|100%| O|  |TAMS 0x0000000084800000, 0x0000000084700000| Untracked 
|  72|0x0000000084800000, 0x0000000084900000, 0x0000000084900000|100%| O|  |TAMS 0x0000000084900000, 0x0000000084800000| Untracked 
|  73|0x0000000084900000, 0x0000000084a00000, 0x0000000084a00000|100%| O|  |TAMS 0x0000000084a00000, 0x0000000084900000| Untracked 
|  74|0x0000000084a00000, 0x0000000084b00000, 0x0000000084b00000|100%| O|  |TAMS 0x0000000084b00000, 0x0000000084a00000| Untracked 
|  75|0x0000000084b00000, 0x0000000084c00000, 0x0000000084c00000|100%| O|  |TAMS 0x0000000084c00000, 0x0000000084b00000| Untracked 
|  76|0x0000000084c00000, 0x0000000084d00000, 0x0000000084d00000|100%| O|  |TAMS 0x0000000084d00000, 0x0000000084c00000| Untracked 
|  77|0x0000000084d00000, 0x0000000084e00000, 0x0000000084e00000|100%| O|  |TAMS 0x0000000084e00000, 0x0000000084d00000| Untracked 
|  78|0x0000000084e00000, 0x0000000084f00000, 0x0000000084f00000|100%| O|  |TAMS 0x0000000084f00000, 0x0000000084e00000| Untracked 
|  79|0x0000000084f00000, 0x0000000085000000, 0x0000000085000000|100%| O|  |TAMS 0x0000000085000000, 0x0000000084f00000| Untracked 
|  80|0x0000000085000000, 0x0000000085100000, 0x0000000085100000|100%| O|  |TAMS 0x0000000085100000, 0x0000000085000000| Untracked 
|  81|0x0000000085100000, 0x0000000085200000, 0x0000000085200000|100%| O|  |TAMS 0x0000000085200000, 0x0000000085100000| Untracked 
|  82|0x0000000085200000, 0x0000000085300000, 0x0000000085300000|100%| O|  |TAMS 0x0000000085300000, 0x0000000085200000| Untracked 
|  83|0x0000000085300000, 0x0000000085400000, 0x0000000085400000|100%| O|  |TAMS 0x0000000085400000, 0x0000000085300000| Untracked 
|  84|0x0000000085400000, 0x0000000085500000, 0x0000000085500000|100%|HS|  |TAMS 0x0000000085500000, 0x0000000085400000| Complete 
|  85|0x0000000085500000, 0x0000000085600000, 0x0000000085600000|100%|HC|  |TAMS 0x0000000085600000, 0x0000000085500000| Complete 
|  86|0x0000000085600000, 0x0000000085700000, 0x0000000085700000|100%|HS|  |TAMS 0x0000000085700000, 0x0000000085600000| Complete 
|  87|0x0000000085700000, 0x0000000085800000, 0x0000000085800000|100%|HC|  |TAMS 0x0000000085800000, 0x0000000085700000| Complete 
|  88|0x0000000085800000, 0x0000000085900000, 0x0000000085900000|100%|HC|  |TAMS 0x0000000085900000, 0x0000000085800000| Complete 
|  89|0x0000000085900000, 0x0000000085a00000, 0x0000000085a00000|100%|HS|  |TAMS 0x0000000085a00000, 0x0000000085900000| Complete 
|  90|0x0000000085a00000, 0x0000000085b00000, 0x0000000085b00000|100%|HS|  |TAMS 0x0000000085b00000, 0x0000000085a00000| Complete 
|  91|0x0000000085b00000, 0x0000000085c00000, 0x0000000085c00000|100%|HC|  |TAMS 0x0000000085c00000, 0x0000000085b00000| Complete 
|  92|0x0000000085c00000, 0x0000000085d00000, 0x0000000085d00000|100%|HC|  |TAMS 0x0000000085d00000, 0x0000000085c00000| Complete 
|  93|0x0000000085d00000, 0x0000000085e00000, 0x0000000085e00000|100%|HC|  |TAMS 0x0000000085e00000, 0x0000000085d00000| Complete 
|  94|0x0000000085e00000, 0x0000000085f00000, 0x0000000085f00000|100%| O|  |TAMS 0x0000000085f00000, 0x0000000085e00000| Untracked 
|  95|0x0000000085f00000, 0x0000000086000000, 0x0000000086000000|100%| O|  |TAMS 0x0000000086000000, 0x0000000085f00000| Untracked 
|  96|0x0000000086000000, 0x0000000086100000, 0x0000000086100000|100%| O|  |TAMS 0x0000000086100000, 0x0000000086000000| Untracked 
|  97|0x0000000086100000, 0x0000000086200000, 0x0000000086200000|100%| O|  |TAMS 0x0000000086200000, 0x0000000086100000| Untracked 
|  98|0x0000000086200000, 0x0000000086300000, 0x0000000086300000|100%| O|  |TAMS 0x0000000086300000, 0x0000000086200000| Untracked 
|  99|0x0000000086300000, 0x0000000086400000, 0x0000000086400000|100%| O|  |TAMS 0x0000000086400000, 0x0000000086300000| Untracked 
| 100|0x0000000086400000, 0x0000000086500000, 0x0000000086500000|100%| O|  |TAMS 0x0000000086500000, 0x0000000086400000| Untracked 
| 101|0x0000000086500000, 0x0000000086600000, 0x0000000086600000|100%| O|  |TAMS 0x0000000086600000, 0x0000000086500000| Untracked 
| 102|0x0000000086600000, 0x0000000086700000, 0x0000000086700000|100%| O|  |TAMS 0x0000000086700000, 0x0000000086600000| Untracked 
| 103|0x0000000086700000, 0x0000000086800000, 0x0000000086800000|100%| O|  |TAMS 0x0000000086800000, 0x0000000086700000| Untracked 
| 104|0x0000000086800000, 0x0000000086900000, 0x0000000086900000|100%| O|  |TAMS 0x0000000086900000, 0x0000000086800000| Untracked 
| 105|0x0000000086900000, 0x0000000086a00000, 0x0000000086a00000|100%| O|  |TAMS 0x0000000086a00000, 0x0000000086900000| Untracked 
| 106|0x0000000086a00000, 0x0000000086b00000, 0x0000000086b00000|100%|HS|  |TAMS 0x0000000086b00000, 0x0000000086a00000| Complete 
| 107|0x0000000086b00000, 0x0000000086c00000, 0x0000000086c00000|100%| O|  |TAMS 0x0000000086c00000, 0x0000000086b00000| Untracked 
| 108|0x0000000086c00000, 0x0000000086d00000, 0x0000000086d00000|100%| O|  |TAMS 0x0000000086d00000, 0x0000000086c00000| Untracked 
| 109|0x0000000086d00000, 0x0000000086e00000, 0x0000000086e00000|100%| O|  |TAMS 0x0000000086e00000, 0x0000000086d00000| Untracked 
| 110|0x0000000086e00000, 0x0000000086f00000, 0x0000000086f00000|100%| O|  |TAMS 0x0000000086f00000, 0x0000000086e00000| Untracked 
| 111|0x0000000086f00000, 0x0000000087000000, 0x0000000087000000|100%| O|  |TAMS 0x0000000087000000, 0x0000000086f00000| Untracked 
| 112|0x0000000087000000, 0x0000000087100000, 0x0000000087100000|100%| O|  |TAMS 0x0000000087100000, 0x0000000087000000| Untracked 
| 113|0x0000000087100000, 0x0000000087200000, 0x0000000087200000|100%| O|  |TAMS 0x0000000087200000, 0x0000000087100000| Untracked 
| 114|0x0000000087200000, 0x0000000087300000, 0x0000000087300000|100%| O|  |TAMS 0x0000000087300000, 0x0000000087200000| Untracked 
| 115|0x0000000087300000, 0x0000000087400000, 0x0000000087400000|100%| O|  |TAMS 0x0000000087400000, 0x0000000087300000| Untracked 
| 116|0x0000000087400000, 0x0000000087500000, 0x0000000087500000|100%| O|  |TAMS 0x0000000087500000, 0x0000000087400000| Untracked 
| 117|0x0000000087500000, 0x0000000087600000, 0x0000000087600000|100%| O|  |TAMS 0x0000000087600000, 0x0000000087500000| Untracked 
| 118|0x0000000087600000, 0x0000000087700000, 0x0000000087700000|100%| O|  |TAMS 0x0000000087700000, 0x0000000087600000| Untracked 
| 119|0x0000000087700000, 0x0000000087800000, 0x0000000087800000|100%| O|  |TAMS 0x0000000087800000, 0x0000000087700000| Untracked 
| 120|0x0000000087800000, 0x0000000087900000, 0x0000000087900000|100%| O|  |TAMS 0x0000000087900000, 0x0000000087800000| Untracked 
| 121|0x0000000087900000, 0x0000000087a00000, 0x0000000087a00000|100%| O|  |TAMS 0x0000000087a00000, 0x0000000087900000| Untracked 
| 122|0x0000000087a00000, 0x0000000087b00000, 0x0000000087b00000|100%| O|  |TAMS 0x0000000087b00000, 0x0000000087a00000| Untracked 
| 123|0x0000000087b00000, 0x0000000087c00000, 0x0000000087c00000|100%| O|  |TAMS 0x0000000087c00000, 0x0000000087b00000| Untracked 
| 124|0x0000000087c00000, 0x0000000087d00000, 0x0000000087d00000|100%| O|  |TAMS 0x0000000087d00000, 0x0000000087c00000| Untracked 
| 125|0x0000000087d00000, 0x0000000087e00000, 0x0000000087e00000|100%| O|  |TAMS 0x0000000087e00000, 0x0000000087d00000| Untracked 
| 126|0x0000000087e00000, 0x0000000087f00000, 0x0000000087f00000|100%| O|  |TAMS 0x0000000087f00000, 0x0000000087e00000| Untracked 
| 127|0x0000000087f00000, 0x0000000088000000, 0x0000000088000000|100%| O|  |TAMS 0x0000000088000000, 0x0000000087f00000| Untracked 
| 128|0x0000000088000000, 0x0000000088100000, 0x0000000088100000|100%| O|  |TAMS 0x0000000088100000, 0x0000000088000000| Untracked 
| 129|0x0000000088100000, 0x0000000088200000, 0x0000000088200000|100%| O|  |TAMS 0x0000000088200000, 0x0000000088100000| Untracked 
| 130|0x0000000088200000, 0x0000000088300000, 0x0000000088300000|100%| O|  |TAMS 0x0000000088300000, 0x0000000088200000| Untracked 
| 131|0x0000000088300000, 0x0000000088400000, 0x0000000088400000|100%| O|  |TAMS 0x0000000088400000, 0x0000000088300000| Untracked 
| 132|0x0000000088400000, 0x0000000088500000, 0x0000000088500000|100%| O|  |TAMS 0x0000000088500000, 0x0000000088400000| Untracked 
| 133|0x0000000088500000, 0x0000000088600000, 0x0000000088600000|100%| O|  |TAMS 0x0000000088600000, 0x0000000088500000| Untracked 
| 134|0x0000000088600000, 0x0000000088700000, 0x0000000088700000|100%| O|  |TAMS 0x0000000088700000, 0x0000000088600000| Untracked 
| 135|0x0000000088700000, 0x0000000088800000, 0x0000000088800000|100%| O|  |TAMS 0x0000000088800000, 0x0000000088700000| Untracked 
| 136|0x0000000088800000, 0x0000000088900000, 0x0000000088900000|100%| O|  |TAMS 0x0000000088900000, 0x0000000088800000| Untracked 
| 137|0x0000000088900000, 0x0000000088a00000, 0x0000000088a00000|100%| O|  |TAMS 0x0000000088a00000, 0x0000000088900000| Untracked 
| 138|0x0000000088a00000, 0x0000000088b00000, 0x0000000088b00000|100%| O|  |TAMS 0x0000000088b00000, 0x0000000088a00000| Untracked 
| 139|0x0000000088b00000, 0x0000000088c00000, 0x0000000088c00000|100%| O|  |TAMS 0x0000000088c00000, 0x0000000088b00000| Untracked 
| 140|0x0000000088c00000, 0x0000000088d00000, 0x0000000088d00000|100%| O|  |TAMS 0x0000000088d00000, 0x0000000088c00000| Untracked 
| 141|0x0000000088d00000, 0x0000000088e00000, 0x0000000088e00000|100%| O|  |TAMS 0x0000000088e00000, 0x0000000088d00000| Untracked 
| 142|0x0000000088e00000, 0x0000000088f00000, 0x0000000088f00000|100%| O|  |TAMS 0x0000000088f00000, 0x0000000088e00000| Untracked 
| 143|0x0000000088f00000, 0x0000000089000000, 0x0000000089000000|100%| O|  |TAMS 0x0000000089000000, 0x0000000088f00000| Untracked 
| 144|0x0000000089000000, 0x0000000089100000, 0x0000000089100000|100%| O|  |TAMS 0x0000000089100000, 0x0000000089000000| Untracked 
| 145|0x0000000089100000, 0x0000000089200000, 0x0000000089200000|100%| O|  |TAMS 0x0000000089200000, 0x0000000089100000| Untracked 
| 146|0x0000000089200000, 0x0000000089300000, 0x0000000089300000|100%| O|  |TAMS 0x0000000089300000, 0x0000000089200000| Untracked 
| 147|0x0000000089300000, 0x0000000089400000, 0x0000000089400000|100%| O|  |TAMS 0x0000000089400000, 0x0000000089300000| Untracked 
| 148|0x0000000089400000, 0x0000000089500000, 0x0000000089500000|100%| O|  |TAMS 0x0000000089500000, 0x0000000089400000| Untracked 
| 149|0x0000000089500000, 0x0000000089600000, 0x0000000089600000|100%| O|  |TAMS 0x0000000089600000, 0x0000000089500000| Untracked 
| 150|0x0000000089600000, 0x0000000089700000, 0x0000000089700000|100%| O|  |TAMS 0x0000000089700000, 0x0000000089600000| Untracked 
| 151|0x0000000089700000, 0x0000000089800000, 0x0000000089800000|100%| O|  |TAMS 0x0000000089800000, 0x0000000089700000| Untracked 
| 152|0x0000000089800000, 0x0000000089900000, 0x0000000089900000|100%| O|  |TAMS 0x0000000089900000, 0x0000000089800000| Untracked 
| 153|0x0000000089900000, 0x0000000089a00000, 0x0000000089a00000|100%| O|  |TAMS 0x0000000089a00000, 0x0000000089900000| Untracked 
| 154|0x0000000089a00000, 0x0000000089b00000, 0x0000000089b00000|100%| O|  |TAMS 0x0000000089b00000, 0x0000000089a00000| Untracked 
| 155|0x0000000089b00000, 0x0000000089c00000, 0x0000000089c00000|100%| O|  |TAMS 0x0000000089c00000, 0x0000000089b00000| Untracked 
| 156|0x0000000089c00000, 0x0000000089d00000, 0x0000000089d00000|100%| O|  |TAMS 0x0000000089d00000, 0x0000000089c00000| Untracked 
| 157|0x0000000089d00000, 0x0000000089e00000, 0x0000000089e00000|100%| O|  |TAMS 0x0000000089e00000, 0x0000000089d00000| Untracked 
| 158|0x0000000089e00000, 0x0000000089f00000, 0x0000000089f00000|100%| O|  |TAMS 0x0000000089f00000, 0x0000000089e00000| Untracked 
| 159|0x0000000089f00000, 0x000000008a000000, 0x000000008a000000|100%| O|  |TAMS 0x000000008a000000, 0x0000000089f00000| Untracked 
| 160|0x000000008a000000, 0x000000008a100000, 0x000000008a100000|100%| O|  |TAMS 0x000000008a100000, 0x000000008a000000| Untracked 
| 161|0x000000008a100000, 0x000000008a200000, 0x000000008a200000|100%| O|  |TAMS 0x000000008a200000, 0x000000008a100000| Untracked 
| 162|0x000000008a200000, 0x000000008a300000, 0x000000008a300000|100%| O|  |TAMS 0x000000008a300000, 0x000000008a200000| Untracked 
| 163|0x000000008a300000, 0x000000008a400000, 0x000000008a400000|100%| O|  |TAMS 0x000000008a400000, 0x000000008a300000| Untracked 
| 164|0x000000008a400000, 0x000000008a500000, 0x000000008a500000|100%| O|  |TAMS 0x000000008a500000, 0x000000008a400000| Untracked 
| 165|0x000000008a500000, 0x000000008a600000, 0x000000008a600000|100%| O|  |TAMS 0x000000008a600000, 0x000000008a500000| Untracked 
| 166|0x000000008a600000, 0x000000008a700000, 0x000000008a700000|100%| O|  |TAMS 0x000000008a700000, 0x000000008a600000| Untracked 
| 167|0x000000008a700000, 0x000000008a800000, 0x000000008a800000|100%| O|  |TAMS 0x000000008a800000, 0x000000008a700000| Untracked 
| 168|0x000000008a800000, 0x000000008a900000, 0x000000008a900000|100%| O|  |TAMS 0x000000008a900000, 0x000000008a800000| Untracked 
| 169|0x000000008a900000, 0x000000008aa00000, 0x000000008aa00000|100%| O|  |TAMS 0x000000008aa00000, 0x000000008a900000| Untracked 
| 170|0x000000008aa00000, 0x000000008ab00000, 0x000000008ab00000|100%|HS|  |TAMS 0x000000008ab00000, 0x000000008aa00000| Complete 
| 171|0x000000008ab00000, 0x000000008ac00000, 0x000000008ac00000|100%|HC|  |TAMS 0x000000008ac00000, 0x000000008ab00000| Complete 
| 172|0x000000008ac00000, 0x000000008ad00000, 0x000000008ad00000|100%| O|  |TAMS 0x000000008ad00000, 0x000000008ac00000| Untracked 
| 173|0x000000008ad00000, 0x000000008ae00000, 0x000000008ae00000|100%| O|  |TAMS 0x000000008ae00000, 0x000000008ad00000| Untracked 
| 174|0x000000008ae00000, 0x000000008af00000, 0x000000008af00000|100%| O|  |TAMS 0x000000008af00000, 0x000000008ae00000| Untracked 
| 175|0x000000008af00000, 0x000000008b000000, 0x000000008b000000|100%| O|  |TAMS 0x000000008b000000, 0x000000008af00000| Untracked 
| 176|0x000000008b000000, 0x000000008b100000, 0x000000008b100000|100%| O|  |TAMS 0x000000008b100000, 0x000000008b000000| Untracked 
| 177|0x000000008b100000, 0x000000008b200000, 0x000000008b200000|100%| O|  |TAMS 0x000000008b200000, 0x000000008b100000| Untracked 
| 178|0x000000008b200000, 0x000000008b224e00, 0x000000008b300000| 14%| O|  |TAMS 0x000000008b224e00, 0x000000008b200000| Untracked 
| 179|0x000000008b300000, 0x000000008b400000, 0x000000008b400000|100%| O|  |TAMS 0x000000008b400000, 0x000000008b300000| Untracked 
| 180|0x000000008b400000, 0x000000008b500000, 0x000000008b500000|100%| O|  |TAMS 0x000000008b500000, 0x000000008b400000| Untracked 
| 181|0x000000008b500000, 0x000000008b600000, 0x000000008b600000|100%| O|  |TAMS 0x000000008b600000, 0x000000008b500000| Untracked 
| 182|0x000000008b600000, 0x000000008b700000, 0x000000008b700000|100%| O|  |TAMS 0x000000008b700000, 0x000000008b600000| Untracked 
| 183|0x000000008b700000, 0x000000008b800000, 0x000000008b800000|100%| O|  |TAMS 0x000000008b800000, 0x000000008b700000| Untracked 
| 184|0x000000008b800000, 0x000000008b900000, 0x000000008b900000|100%| O|  |TAMS 0x000000008b900000, 0x000000008b800000| Untracked 
| 185|0x000000008b900000, 0x000000008ba00000, 0x000000008ba00000|100%| O|  |TAMS 0x000000008ba00000, 0x000000008b900000| Untracked 
| 186|0x000000008ba00000, 0x000000008bb00000, 0x000000008bb00000|100%| O|  |TAMS 0x000000008bb00000, 0x000000008ba00000| Untracked 
| 187|0x000000008bb00000, 0x000000008bc00000, 0x000000008bc00000|100%| O|  |TAMS 0x000000008bc00000, 0x000000008bb00000| Untracked 
| 188|0x000000008bc00000, 0x000000008bc00000, 0x000000008bd00000|  0%| F|  |TAMS 0x000000008bc00000, 0x000000008bc00000| Untracked 
| 189|0x000000008bd00000, 0x000000008bd00000, 0x000000008be00000|  0%| F|  |TAMS 0x000000008bd00000, 0x000000008bd00000| Untracked 
| 190|0x000000008be00000, 0x000000008bf00000, 0x000000008bf00000|100%| O|  |TAMS 0x000000008bf00000, 0x000000008be00000| Untracked 
| 191|0x000000008bf00000, 0x000000008c000000, 0x000000008c000000|100%| O|  |TAMS 0x000000008c000000, 0x000000008bf00000| Untracked 
| 192|0x000000008c000000, 0x000000008c000000, 0x000000008c100000|  0%| F|  |TAMS 0x000000008c000000, 0x000000008c000000| Untracked 
| 193|0x000000008c100000, 0x000000008c100000, 0x000000008c200000|  0%| F|  |TAMS 0x000000008c100000, 0x000000008c100000| Untracked 
| 194|0x000000008c200000, 0x000000008c300000, 0x000000008c300000|100%| O|  |TAMS 0x000000008c300000, 0x000000008c200000| Untracked 
| 195|0x000000008c300000, 0x000000008c400000, 0x000000008c400000|100%| O|  |TAMS 0x000000008c400000, 0x000000008c300000| Untracked 
| 196|0x000000008c400000, 0x000000008c500000, 0x000000008c500000|100%| O|  |TAMS 0x000000008c500000, 0x000000008c400000| Untracked 
| 197|0x000000008c500000, 0x000000008c600000, 0x000000008c600000|100%| O|  |TAMS 0x000000008c600000, 0x000000008c500000| Untracked 
| 198|0x000000008c600000, 0x000000008c700000, 0x000000008c700000|100%| O|  |TAMS 0x000000008c700000, 0x000000008c600000| Untracked 
| 199|0x000000008c700000, 0x000000008c800000, 0x000000008c800000|100%| O|  |TAMS 0x000000008c800000, 0x000000008c700000| Untracked 
| 200|0x000000008c800000, 0x000000008c900000, 0x000000008c900000|100%| O|  |TAMS 0x000000008c900000, 0x000000008c800000| Untracked 
| 201|0x000000008c900000, 0x000000008ca00000, 0x000000008ca00000|100%| O|  |TAMS 0x000000008ca00000, 0x000000008c900000| Untracked 
| 202|0x000000008ca00000, 0x000000008cb00000, 0x000000008cb00000|100%| O|  |TAMS 0x000000008cb00000, 0x000000008ca00000| Untracked 
| 203|0x000000008cb00000, 0x000000008cc00000, 0x000000008cc00000|100%| O|  |TAMS 0x000000008cc00000, 0x000000008cb00000| Untracked 
| 204|0x000000008cc00000, 0x000000008cc00000, 0x000000008cd00000|  0%| F|  |TAMS 0x000000008cc00000, 0x000000008cc00000| Untracked 
| 205|0x000000008cd00000, 0x000000008ce00000, 0x000000008ce00000|100%| O|  |TAMS 0x000000008ce00000, 0x000000008cd00000| Untracked 
| 206|0x000000008ce00000, 0x000000008cf00000, 0x000000008cf00000|100%| O|  |TAMS 0x000000008cf00000, 0x000000008ce00000| Untracked 
| 207|0x000000008cf00000, 0x000000008cf00000, 0x000000008d000000|  0%| F|  |TAMS 0x000000008cf00000, 0x000000008cf00000| Untracked 
| 208|0x000000008d000000, 0x000000008d100000, 0x000000008d100000|100%| O|  |TAMS 0x000000008d100000, 0x000000008d000000| Untracked 
| 209|0x000000008d100000, 0x000000008d100000, 0x000000008d200000|  0%| F|  |TAMS 0x000000008d100000, 0x000000008d100000| Untracked 
| 210|0x000000008d200000, 0x000000008d300000, 0x000000008d300000|100%| O|  |TAMS 0x000000008d300000, 0x000000008d200000| Untracked 
| 211|0x000000008d300000, 0x000000008d400000, 0x000000008d400000|100%| O|  |TAMS 0x000000008d400000, 0x000000008d300000| Untracked 
| 212|0x000000008d400000, 0x000000008d400000, 0x000000008d500000|  0%| F|  |TAMS 0x000000008d400000, 0x000000008d400000| Untracked 
| 213|0x000000008d500000, 0x000000008d500000, 0x000000008d600000|  0%| F|  |TAMS 0x000000008d500000, 0x000000008d500000| Untracked 
| 214|0x000000008d600000, 0x000000008d700000, 0x000000008d700000|100%| O|  |TAMS 0x000000008d700000, 0x000000008d600000| Untracked 
| 215|0x000000008d700000, 0x000000008d700000, 0x000000008d800000|  0%| F|  |TAMS 0x000000008d700000, 0x000000008d700000| Untracked 
| 216|0x000000008d800000, 0x000000008d800000, 0x000000008d900000|  0%| F|  |TAMS 0x000000008d800000, 0x000000008d800000| Untracked 
| 217|0x000000008d900000, 0x000000008d900000, 0x000000008da00000|  0%| F|  |TAMS 0x000000008d900000, 0x000000008d900000| Untracked 
| 218|0x000000008da00000, 0x000000008da00000, 0x000000008db00000|  0%| F|  |TAMS 0x000000008da00000, 0x000000008da00000| Untracked 
| 219|0x000000008db00000, 0x000000008db00000, 0x000000008dc00000|  0%| F|  |TAMS 0x000000008db00000, 0x000000008db00000| Untracked 
| 220|0x000000008dc00000, 0x000000008dd00000, 0x000000008dd00000|100%| O|  |TAMS 0x000000008dd00000, 0x000000008dc00000| Untracked 
| 221|0x000000008dd00000, 0x000000008dd00000, 0x000000008de00000|  0%| F|  |TAMS 0x000000008dd00000, 0x000000008dd00000| Untracked 
| 222|0x000000008de00000, 0x000000008de00000, 0x000000008df00000|  0%| F|  |TAMS 0x000000008de00000, 0x000000008de00000| Untracked 
| 223|0x000000008df00000, 0x000000008df00000, 0x000000008e000000|  0%| F|  |TAMS 0x000000008df00000, 0x000000008df00000| Untracked 
| 224|0x000000008e000000, 0x000000008e000000, 0x000000008e100000|  0%| F|  |TAMS 0x000000008e000000, 0x000000008e000000| Untracked 
| 225|0x000000008e100000, 0x000000008e100000, 0x000000008e200000|  0%| F|  |TAMS 0x000000008e100000, 0x000000008e100000| Untracked 
| 226|0x000000008e200000, 0x000000008e200000, 0x000000008e300000|  0%| F|  |TAMS 0x000000008e200000, 0x000000008e200000| Untracked 
| 227|0x000000008e300000, 0x000000008e300000, 0x000000008e400000|  0%| F|  |TAMS 0x000000008e300000, 0x000000008e300000| Untracked 
| 228|0x000000008e400000, 0x000000008e400000, 0x000000008e500000|  0%| F|  |TAMS 0x000000008e400000, 0x000000008e400000| Untracked 
| 229|0x000000008e500000, 0x000000008e500000, 0x000000008e600000|  0%| F|  |TAMS 0x000000008e500000, 0x000000008e500000| Untracked 
| 230|0x000000008e600000, 0x000000008e600000, 0x000000008e700000|  0%| F|  |TAMS 0x000000008e600000, 0x000000008e600000| Untracked 
| 231|0x000000008e700000, 0x000000008e700000, 0x000000008e800000|  0%| F|  |TAMS 0x000000008e700000, 0x000000008e700000| Untracked 
| 232|0x000000008e800000, 0x000000008e800000, 0x000000008e900000|  0%| F|  |TAMS 0x000000008e800000, 0x000000008e800000| Untracked 
| 233|0x000000008e900000, 0x000000008e900000, 0x000000008ea00000|  0%| F|  |TAMS 0x000000008e900000, 0x000000008e900000| Untracked 
| 234|0x000000008ea00000, 0x000000008ea00000, 0x000000008eb00000|  0%| F|  |TAMS 0x000000008ea00000, 0x000000008ea00000| Untracked 
| 235|0x000000008eb00000, 0x000000008eb00000, 0x000000008ec00000|  0%| F|  |TAMS 0x000000008eb00000, 0x000000008eb00000| Untracked 
| 236|0x000000008ec00000, 0x000000008ec00000, 0x000000008ed00000|  0%| F|  |TAMS 0x000000008ec00000, 0x000000008ec00000| Untracked 
| 237|0x000000008ed00000, 0x000000008ed00000, 0x000000008ee00000|  0%| F|  |TAMS 0x000000008ed00000, 0x000000008ed00000| Untracked 
| 238|0x000000008ee00000, 0x000000008ee00000, 0x000000008ef00000|  0%| F|  |TAMS 0x000000008ee00000, 0x000000008ee00000| Untracked 
| 239|0x000000008ef00000, 0x000000008ef00000, 0x000000008f000000|  0%| F|  |TAMS 0x000000008ef00000, 0x000000008ef00000| Untracked 
| 240|0x000000008f000000, 0x000000008f000000, 0x000000008f100000|  0%| F|  |TAMS 0x000000008f000000, 0x000000008f000000| Untracked 
| 241|0x000000008f100000, 0x000000008f100000, 0x000000008f200000|  0%| F|  |TAMS 0x000000008f100000, 0x000000008f100000| Untracked 
| 242|0x000000008f200000, 0x000000008f200000, 0x000000008f300000|  0%| F|  |TAMS 0x000000008f200000, 0x000000008f200000| Untracked 
| 243|0x000000008f300000, 0x000000008f300000, 0x000000008f400000|  0%| F|  |TAMS 0x000000008f300000, 0x000000008f300000| Untracked 
| 244|0x000000008f400000, 0x000000008f400000, 0x000000008f500000|  0%| F|  |TAMS 0x000000008f400000, 0x000000008f400000| Untracked 
| 245|0x000000008f500000, 0x000000008f58fb08, 0x000000008f600000| 56%| E|CS|TAMS 0x000000008f500000, 0x000000008f500000| Complete 
| 246|0x000000008f600000, 0x000000008f700000, 0x000000008f700000|100%| E|CS|TAMS 0x000000008f600000, 0x000000008f600000| Complete 
| 247|0x000000008f700000, 0x000000008f800000, 0x000000008f800000|100%| E|CS|TAMS 0x000000008f700000, 0x000000008f700000| Complete 
| 248|0x000000008f800000, 0x000000008f900000, 0x000000008f900000|100%| E|CS|TAMS 0x000000008f800000, 0x000000008f800000| Complete 
| 249|0x000000008f900000, 0x000000008f900000, 0x000000008fa00000|  0%| F|  |TAMS 0x000000008f900000, 0x000000008f900000| Untracked 
| 250|0x000000008fa00000, 0x000000008fa00000, 0x000000008fb00000|  0%| F|  |TAMS 0x000000008fa00000, 0x000000008fa00000| Untracked 
| 251|0x000000008fb00000, 0x000000008fbd28e8, 0x000000008fc00000| 82%| S|  |TAMS 0x000000008fb00000, 0x000000008fb00000| Complete 
| 252|0x000000008fc00000, 0x000000008fd00000, 0x000000008fd00000|100%| E|CS|TAMS 0x000000008fc00000, 0x000000008fc00000| Complete 
| 253|0x000000008fd00000, 0x000000008fe00000, 0x000000008fe00000|100%| E|CS|TAMS 0x000000008fd00000, 0x000000008fd00000| Complete 
| 254|0x000000008fe00000, 0x000000008ff00000, 0x000000008ff00000|100%| E|CS|TAMS 0x000000008fe00000, 0x000000008fe00000| Complete 
| 255|0x000000008ff00000, 0x0000000090000000, 0x0000000090000000|100%| E|CS|TAMS 0x000000008ff00000, 0x000000008ff00000| Complete 
| 256|0x0000000090000000, 0x0000000090100000, 0x0000000090100000|100%| E|CS|TAMS 0x0000000090000000, 0x0000000090000000| Complete 
| 257|0x0000000090100000, 0x0000000090200000, 0x0000000090200000|100%| E|CS|TAMS 0x0000000090100000, 0x0000000090100000| Complete 
| 258|0x0000000090200000, 0x0000000090300000, 0x0000000090300000|100%| E|CS|TAMS 0x0000000090200000, 0x0000000090200000| Complete 
| 259|0x0000000090300000, 0x0000000090400000, 0x0000000090400000|100%| E|CS|TAMS 0x0000000090300000, 0x0000000090300000| Complete 
| 260|0x0000000090400000, 0x0000000090500000, 0x0000000090500000|100%| E|CS|TAMS 0x0000000090400000, 0x0000000090400000| Complete 
| 261|0x0000000090500000, 0x0000000090600000, 0x0000000090600000|100%| E|CS|TAMS 0x0000000090500000, 0x0000000090500000| Complete 
| 262|0x0000000090600000, 0x0000000090700000, 0x0000000090700000|100%| E|CS|TAMS 0x0000000090600000, 0x0000000090600000| Complete 
| 263|0x0000000090700000, 0x0000000090800000, 0x0000000090800000|100%| E|CS|TAMS 0x0000000090700000, 0x0000000090700000| Complete 
| 264|0x0000000090800000, 0x0000000090900000, 0x0000000090900000|100%| E|CS|TAMS 0x0000000090800000, 0x0000000090800000| Complete 
| 265|0x0000000090900000, 0x0000000090a00000, 0x0000000090a00000|100%| E|CS|TAMS 0x0000000090900000, 0x0000000090900000| Complete 
| 266|0x0000000090a00000, 0x0000000090b00000, 0x0000000090b00000|100%| E|CS|TAMS 0x0000000090a00000, 0x0000000090a00000| Complete 
| 267|0x0000000090b00000, 0x0000000090c00000, 0x0000000090c00000|100%| E|CS|TAMS 0x0000000090b00000, 0x0000000090b00000| Complete 
| 268|0x0000000090c00000, 0x0000000090d00000, 0x0000000090d00000|100%| E|CS|TAMS 0x0000000090c00000, 0x0000000090c00000| Complete 
| 269|0x0000000090d00000, 0x0000000090e00000, 0x0000000090e00000|100%| E|CS|TAMS 0x0000000090d00000, 0x0000000090d00000| Complete 
| 270|0x0000000090e00000, 0x0000000090f00000, 0x0000000090f00000|100%| E|CS|TAMS 0x0000000090e00000, 0x0000000090e00000| Complete 
| 271|0x0000000090f00000, 0x0000000091000000, 0x0000000091000000|100%| E|CS|TAMS 0x0000000090f00000, 0x0000000090f00000| Complete 
| 272|0x0000000091000000, 0x0000000091100000, 0x0000000091100000|100%| E|CS|TAMS 0x0000000091000000, 0x0000000091000000| Complete 
| 273|0x0000000091100000, 0x0000000091200000, 0x0000000091200000|100%| E|CS|TAMS 0x0000000091100000, 0x0000000091100000| Complete 
| 274|0x0000000091200000, 0x0000000091300000, 0x0000000091300000|100%| E|CS|TAMS 0x0000000091200000, 0x0000000091200000| Complete 
| 275|0x0000000091300000, 0x0000000091400000, 0x0000000091400000|100%| E|CS|TAMS 0x0000000091300000, 0x0000000091300000| Complete 
| 276|0x0000000091400000, 0x0000000091500000, 0x0000000091500000|100%| E|CS|TAMS 0x0000000091400000, 0x0000000091400000| Complete 
| 277|0x0000000091500000, 0x0000000091600000, 0x0000000091600000|100%| E|CS|TAMS 0x0000000091500000, 0x0000000091500000| Complete 
| 278|0x0000000091600000, 0x0000000091700000, 0x0000000091700000|100%| E|CS|TAMS 0x0000000091600000, 0x0000000091600000| Complete 
| 279|0x0000000091700000, 0x0000000091800000, 0x0000000091800000|100%| E|CS|TAMS 0x0000000091700000, 0x0000000091700000| Complete 
| 280|0x0000000091800000, 0x0000000091900000, 0x0000000091900000|100%| E|CS|TAMS 0x0000000091800000, 0x0000000091800000| Complete 
| 281|0x0000000091900000, 0x0000000091a00000, 0x0000000091a00000|100%| E|CS|TAMS 0x0000000091900000, 0x0000000091900000| Complete 
| 282|0x0000000091a00000, 0x0000000091b00000, 0x0000000091b00000|100%| E|CS|TAMS 0x0000000091a00000, 0x0000000091a00000| Complete 
| 283|0x0000000091b00000, 0x0000000091c00000, 0x0000000091c00000|100%| E|CS|TAMS 0x0000000091b00000, 0x0000000091b00000| Complete 
| 284|0x0000000091c00000, 0x0000000091d00000, 0x0000000091d00000|100%| E|CS|TAMS 0x0000000091c00000, 0x0000000091c00000| Complete 
| 285|0x0000000091d00000, 0x0000000091e00000, 0x0000000091e00000|100%| E|CS|TAMS 0x0000000091d00000, 0x0000000091d00000| Complete 
| 286|0x0000000091e00000, 0x0000000091f00000, 0x0000000091f00000|100%| E|CS|TAMS 0x0000000091e00000, 0x0000000091e00000| Complete 
| 287|0x0000000091f00000, 0x0000000092000000, 0x0000000092000000|100%| E|CS|TAMS 0x0000000091f00000, 0x0000000091f00000| Complete 
| 288|0x0000000092000000, 0x0000000092100000, 0x0000000092100000|100%| E|CS|TAMS 0x0000000092000000, 0x0000000092000000| Complete 
| 289|0x0000000092100000, 0x0000000092200000, 0x0000000092200000|100%| E|CS|TAMS 0x0000000092100000, 0x0000000092100000| Complete 
| 290|0x0000000092200000, 0x0000000092300000, 0x0000000092300000|100%| E|CS|TAMS 0x0000000092200000, 0x0000000092200000| Complete 
| 291|0x0000000092300000, 0x0000000092400000, 0x0000000092400000|100%| E|CS|TAMS 0x0000000092300000, 0x0000000092300000| Complete 
| 292|0x0000000092400000, 0x0000000092500000, 0x0000000092500000|100%| E|CS|TAMS 0x0000000092400000, 0x0000000092400000| Complete 
| 293|0x0000000092500000, 0x0000000092600000, 0x0000000092600000|100%| E|CS|TAMS 0x0000000092500000, 0x0000000092500000| Complete 
| 294|0x0000000092600000, 0x0000000092700000, 0x0000000092700000|100%| E|CS|TAMS 0x0000000092600000, 0x0000000092600000| Complete 
| 295|0x0000000092700000, 0x0000000092800000, 0x0000000092800000|100%| E|CS|TAMS 0x0000000092700000, 0x0000000092700000| Complete 
| 296|0x0000000092800000, 0x0000000092900000, 0x0000000092900000|100%| E|CS|TAMS 0x0000000092800000, 0x0000000092800000| Complete 
| 297|0x0000000092900000, 0x0000000092a00000, 0x0000000092a00000|100%| E|CS|TAMS 0x0000000092900000, 0x0000000092900000| Complete 
| 298|0x0000000092a00000, 0x0000000092b00000, 0x0000000092b00000|100%| E|CS|TAMS 0x0000000092a00000, 0x0000000092a00000| Complete 
| 299|0x0000000092b00000, 0x0000000092c00000, 0x0000000092c00000|100%| E|CS|TAMS 0x0000000092b00000, 0x0000000092b00000| Complete 
| 300|0x0000000092c00000, 0x0000000092d00000, 0x0000000092d00000|100%| E|CS|TAMS 0x0000000092c00000, 0x0000000092c00000| Complete 
| 301|0x0000000092d00000, 0x0000000092e00000, 0x0000000092e00000|100%| E|CS|TAMS 0x0000000092d00000, 0x0000000092d00000| Complete 
| 302|0x0000000092e00000, 0x0000000092f00000, 0x0000000092f00000|100%| E|CS|TAMS 0x0000000092e00000, 0x0000000092e00000| Complete 
| 303|0x0000000092f00000, 0x0000000093000000, 0x0000000093000000|100%| E|CS|TAMS 0x0000000092f00000, 0x0000000092f00000| Complete 
| 304|0x0000000093000000, 0x0000000093100000, 0x0000000093100000|100%| E|CS|TAMS 0x0000000093000000, 0x0000000093000000| Complete 
| 305|0x0000000093100000, 0x0000000093200000, 0x0000000093200000|100%| E|CS|TAMS 0x0000000093100000, 0x0000000093100000| Complete 
| 306|0x0000000093200000, 0x0000000093300000, 0x0000000093300000|100%| E|CS|TAMS 0x0000000093200000, 0x0000000093200000| Complete 
| 307|0x0000000093300000, 0x0000000093400000, 0x0000000093400000|100%| E|CS|TAMS 0x0000000093300000, 0x0000000093300000| Complete 
| 308|0x0000000093400000, 0x0000000093500000, 0x0000000093500000|100%| E|CS|TAMS 0x0000000093400000, 0x0000000093400000| Complete 
| 309|0x0000000093500000, 0x0000000093600000, 0x0000000093600000|100%| E|CS|TAMS 0x0000000093500000, 0x0000000093500000| Complete 
| 310|0x0000000093600000, 0x0000000093700000, 0x0000000093700000|100%| E|CS|TAMS 0x0000000093600000, 0x0000000093600000| Complete 
| 311|0x0000000093700000, 0x0000000093800000, 0x0000000093800000|100%| E|CS|TAMS 0x0000000093700000, 0x0000000093700000| Complete 
| 312|0x0000000093800000, 0x0000000093900000, 0x0000000093900000|100%| E|CS|TAMS 0x0000000093800000, 0x0000000093800000| Complete 
| 313|0x0000000093900000, 0x0000000093a00000, 0x0000000093a00000|100%| E|CS|TAMS 0x0000000093900000, 0x0000000093900000| Complete 
| 314|0x0000000093a00000, 0x0000000093b00000, 0x0000000093b00000|100%| E|CS|TAMS 0x0000000093a00000, 0x0000000093a00000| Complete 
| 315|0x0000000093b00000, 0x0000000093c00000, 0x0000000093c00000|100%| E|CS|TAMS 0x0000000093b00000, 0x0000000093b00000| Complete 
| 316|0x0000000093c00000, 0x0000000093d00000, 0x0000000093d00000|100%| E|CS|TAMS 0x0000000093c00000, 0x0000000093c00000| Complete 

Card table byte_map: [0x000001f8edee0000,0x000001f8ee2e0000] _byte_map_base: 0x000001f8edae0000

Marking Bits (Prev, Next): (CMBitMap*) 0x000001f8db00ef68, (CMBitMap*) 0x000001f8db00efa0
 Prev Bits: [0x000001f8ee6e0000, 0x000001f8f06e0000)
 Next Bits: [0x000001f8f06e0000, 0x000001f8f26e0000)

Polling page: 0x000001f8d8f80000

Metaspace:

Usage:
  Non-class:    199.99 MB capacity,   195.77 MB ( 98%) used,     3.60 MB (  2%) free+waste,   639.69 KB ( <1%) overhead. 
      Class:     31.11 MB capacity,    28.77 MB ( 92%) used,     2.07 MB (  7%) free+waste,   280.81 KB ( <1%) overhead. 
       Both:    231.10 MB capacity,   224.53 MB ( 97%) used,     5.67 MB (  2%) free+waste,   920.50 KB ( <1%) overhead. 

Virtual space:
  Non-class space:      202.00 MB reserved,     200.25 MB (>99%) committed 
      Class space:        1.00 GB reserved,      31.20 MB (  3%) committed 
             Both:        1.20 GB reserved,     231.45 MB ( 19%) committed 

Chunk freelists:
   Non-Class:  134.00 KB
       Class:  83.00 KB
        Both:  217.00 KB

MaxMetaspaceSize: 17179869184.00 GB
CompressedClassSpaceSize: 1.00 GB
Initial GC threshold: 20.80 MB
Current GC threshold: 385.75 MB
CDS: off

CodeHeap 'non-profiled nmethods': size=120064Kb used=24276Kb max_used=24276Kb free=95787Kb
 bounds [0x000001f8e65a0000, 0x000001f8e7d60000, 0x000001f8edae0000]
CodeHeap 'profiled nmethods': size=120000Kb used=63261Kb max_used=63261Kb free=56738Kb
 bounds [0x000001f8df070000, 0x000001f8e2e40000, 0x000001f8e65a0000]
CodeHeap 'non-nmethods': size=5696Kb used=2496Kb max_used=2591Kb free=3199Kb
 bounds [0x000001f8deae0000, 0x000001f8ded80000, 0x000001f8df070000]
 total_blobs=28801 nmethods=27781 adapters=931
 compilation: enabled
              stopped_count=0, restarted_count=0
 full_count=0

Compilation events (20 events):
Event: 1979.617 Thread 0x000001f8f4c06000 nmethod 31746 0x000001f8e2e39210 code [0x000001f8e2e39440, 0x000001f8e2e399f8]
Event: 1979.622 Thread 0x000001f8f4c01800 31747       4       org.gradle.api.internal.artifacts.ivyservice.modulecache.ModuleMetadataSerializer$Reader::<init> (16 bytes)
Event: 1979.627 Thread 0x000001f8f4c06000 31750       3       javax.net.ssl.ExtendedSSLSession::<init> (5 bytes)
Event: 1979.628 Thread 0x000001f8f4c06000 nmethod 31750 0x000001f8e2e39d10 code [0x000001f8e2e39ec0, 0x000001f8e2e3a018]
Event: 1979.631 Thread 0x000001f8f4c01800 nmethod 31747 0x000001f8e7d45890 code [0x000001f8e7d45a20, 0x000001f8e7d461d8]
Event: 1979.631 Thread 0x000001f8f4c01800 31749       4       org.gradle.api.internal.artifacts.ivyservice.modulecache.ModuleSourcesSerializer::read (50 bytes)
Event: 1979.696 Thread 0x000001f8f56bd800 nmethod 31715 0x000001f8e7d46310 code [0x000001f8e7d46820, 0x000001f8e7d4d7c0]
Event: 1979.730 Thread 0x000001f8f4c01800 nmethod 31749 0x000001f8e7d50e10 code [0x000001f8e7d51200, 0x000001f8e7d539b8]
Event: 1980.241 Thread 0x000001f8f4c06000 31752       3       sun.security.ssl.HandshakeContext::dispatch (160 bytes)
Event: 1980.243 Thread 0x000001f8f4c06000 nmethod 31752 0x000001f8e2e3a110 code [0x000001f8e2e3a3e0, 0x000001f8e2e3b438]
Event: 1980.243 Thread 0x000001f8f4c06000 31751       3       sun.security.ssl.HandshakeContext::getHandshakeType (111 bytes)
Event: 1980.244 Thread 0x000001f8f4c06000 nmethod 31751 0x000001f8e2e3ba10 code [0x000001f8e2e3bd60, 0x000001f8e2e3cee8]
Event: 1980.383 Thread 0x000001f8f4c06000 31753       3       org.gradle.internal.resource.local.DefaultLocallyAvailableExternalResource::withContent (11 bytes)
Event: 1980.383 Thread 0x000001f8f4c06000 nmethod 31753 0x000001f8e2e3d610 code [0x000001f8e2e3d7c0, 0x000001f8e2e3d988]
Event: 1980.384 Thread 0x000001f8f4c06000 31754       3       org.gradle.internal.hash.DefaultChecksumService::md5 (10 bytes)
Event: 1980.384 Thread 0x000001f8f4c06000 nmethod 31754 0x000001f8e2e3da90 code [0x000001f8e2e3dc60, 0x000001f8e2e3de88]
Event: 1980.384 Thread 0x000001f8f4c06000 31755       3       org.gradle.api.internal.artifacts.repositories.resolver.MavenResolver::processMetaData (45 bytes)
Event: 1980.385 Thread 0x000001f8f4c06000 nmethod 31755 0x000001f8e2e3e010 code [0x000001f8e2e3e280, 0x000001f8e2e3ecf8]
Event: 1980.755 Thread 0x000001f8f4c06000 31756       3       sun.security.ssl.SSLCipher::createReadCipher (132 bytes)
Event: 1980.755 Thread 0x000001f8f4c06000 nmethod 31756 0x000001f8e2e3f010 code [0x000001f8e2e3f240, 0x000001f8e2e3fac8]

GC Heap History (20 events):
Event: 1939.160 GC heap after
{Heap after GC invocations=185 (full 0):
 garbage-first heap   total 324608K, used 190430K [0x0000000080000000, 0x0000000100000000)
  region size 1024K, 1 young (1024K), 1 survivors (1024K)
 Metaspace       used 204439K, capacity 210962K, committed 212172K, reserved 1232896K
  class space    used 25962K, capacity 28258K, committed 28620K, reserved 1048576K
}
Event: 1939.593 GC heap before
{Heap before GC invocations=185 (full 0):
 garbage-first heap   total 324608K, used 281566K [0x0000000080000000, 0x0000000100000000)
  region size 1024K, 90 young (92160K), 1 survivors (1024K)
 Metaspace       used 204439K, capacity 210962K, committed 212172K, reserved 1232896K
  class space    used 25962K, capacity 28258K, committed 28620K, reserved 1048576K
}
Event: 1939.597 GC heap after
{Heap after GC invocations=186 (full 0):
 garbage-first heap   total 324608K, used 190624K [0x0000000080000000, 0x0000000100000000)
  region size 1024K, 1 young (1024K), 1 survivors (1024K)
 Metaspace       used 204439K, capacity 210962K, committed 212172K, reserved 1232896K
  class space    used 25962K, capacity 28258K, committed 28620K, reserved 1048576K
}
Event: 1940.300 GC heap before
{Heap before GC invocations=187 (full 0):
 garbage-first heap   total 324608K, used 245920K [0x0000000080000000, 0x0000000100000000)
  region size 1024K, 56 young (57344K), 1 survivors (1024K)
 Metaspace       used 204439K, capacity 210962K, committed 212172K, reserved 1232896K
  class space    used 25962K, capacity 28258K, committed 28620K, reserved 1048576K
}
Event: 1940.303 GC heap after
{Heap after GC invocations=188 (full 0):
 garbage-first heap   total 324608K, used 189996K [0x0000000080000000, 0x0000000100000000)
  region size 1024K, 1 young (1024K), 1 survivors (1024K)
 Metaspace       used 204439K, capacity 210962K, committed 212172K, reserved 1232896K
  class space    used 25962K, capacity 28258K, committed 28620K, reserved 1048576K
}
Event: 1941.169 GC heap before
{Heap before GC invocations=189 (full 0):
 garbage-first heap   total 324608K, used 274988K [0x0000000080000000, 0x0000000100000000)
  region size 1024K, 85 young (87040K), 1 survivors (1024K)
 Metaspace       used 214038K, capacity 220673K, committed 221132K, reserved 1241088K
  class space    used 27160K, capacity 29488K, committed 29644K, reserved 1048576K
}
Event: 1941.179 GC heap after
{Heap after GC invocations=190 (full 0):
 garbage-first heap   total 324608K, used 197981K [0x0000000080000000, 0x0000000100000000)
  region size 1024K, 7 young (7168K), 7 survivors (7168K)
 Metaspace       used 214038K, capacity 220673K, committed 221132K, reserved 1241088K
  class space    used 27160K, capacity 29488K, committed 29644K, reserved 1048576K
}
Event: 1942.098 GC heap before
{Heap before GC invocations=191 (full 0):
 garbage-first heap   total 324608K, used 281949K [0x0000000080000000, 0x0000000100000000)
  region size 1024K, 88 young (90112K), 7 survivors (7168K)
 Metaspace       used 221204K, capacity 228034K, committed 228556K, reserved 1247232K
  class space    used 28308K, capacity 30705K, committed 30924K, reserved 1048576K
}
Event: 1942.110 GC heap after
{Heap after GC invocations=192 (full 0):
 garbage-first heap   total 324608K, used 203273K [0x0000000080000000, 0x0000000100000000)
  region size 1024K, 6 young (6144K), 6 survivors (6144K)
 Metaspace       used 221204K, capacity 228034K, committed 228556K, reserved 1247232K
  class space    used 28308K, capacity 30705K, committed 30924K, reserved 1048576K
}
Event: 1977.356 GC heap before
{Heap before GC invocations=192 (full 0):
 garbage-first heap   total 324608K, used 280073K [0x0000000080000000, 0x0000000100000000)
  region size 1024K, 81 young (82944K), 6 survivors (6144K)
 Metaspace       used 224046K, capacity 230855K, committed 231372K, reserved 1249280K
  class space    used 28686K, capacity 31068K, committed 31180K, reserved 1048576K
}
Event: 1977.365 GC heap after
{Heap after GC invocations=193 (full 0):
 garbage-first heap   total 324608K, used 206620K [0x0000000080000000, 0x0000000100000000)
  region size 1024K, 9 young (9216K), 9 survivors (9216K)
 Metaspace       used 224046K, capacity 230855K, committed 231372K, reserved 1249280K
  class space    used 28686K, capacity 31068K, committed 31180K, reserved 1048576K
}
Event: 1977.935 GC heap before
{Heap before GC invocations=194 (full 0):
 garbage-first heap   total 324608K, used 255772K [0x0000000080000000, 0x0000000100000000)
  region size 1024K, 58 young (59392K), 9 survivors (9216K)
 Metaspace       used 229081K, capacity 235836K, committed 236236K, reserved 1253376K
  class space    used 29395K, capacity 31796K, committed 31948K, reserved 1048576K
}
Event: 1977.952 GC heap after
{Heap after GC invocations=195 (full 0):
 garbage-first heap   total 324608K, used 209465K [0x0000000080000000, 0x0000000100000000)
  region size 1024K, 7 young (7168K), 7 survivors (7168K)
 Metaspace       used 229081K, capacity 235836K, committed 236236K, reserved 1253376K
  class space    used 29395K, capacity 31796K, committed 31948K, reserved 1048576K
}
Event: 1978.513 GC heap before
{Heap before GC invocations=195 (full 0):
 garbage-first heap   total 324608K, used 278073K [0x0000000080000000, 0x0000000100000000)
  region size 1024K, 72 young (73728K), 7 survivors (7168K)
 Metaspace       used 229509K, capacity 236316K, committed 236748K, reserved 1253376K
  class space    used 29416K, capacity 31828K, committed 31948K, reserved 1048576K
}
Event: 1978.524 GC heap after
{Heap after GC invocations=196 (full 0):
 garbage-first heap   total 324608K, used 214155K [0x0000000080000000, 0x0000000100000000)
  region size 1024K, 7 young (7168K), 7 survivors (7168K)
 Metaspace       used 229509K, capacity 236316K, committed 236748K, reserved 1253376K
  class space    used 29416K, capacity 31828K, committed 31948K, reserved 1048576K
}
Event: 1978.864 GC heap before
{Heap before GC invocations=197 (full 0):
 garbage-first heap   total 324608K, used 278667K [0x0000000080000000, 0x0000000100000000)
  region size 1024K, 70 young (71680K), 7 survivors (7168K)
 Metaspace       used 229514K, capacity 236316K, committed 236748K, reserved 1253376K
  class space    used 29416K, capacity 31828K, committed 31948K, reserved 1048576K
}
Event: 1978.873 GC heap after
{Heap after GC invocations=198 (full 0):
 garbage-first heap   total 324608K, used 214767K [0x0000000080000000, 0x0000000100000000)
  region size 1024K, 4 young (4096K), 4 survivors (4096K)
 Metaspace       used 229514K, capacity 236316K, committed 236748K, reserved 1253376K
  class space    used 29416K, capacity 31828K, committed 31948K, reserved 1048576K
}
Event: 1979.134 GC heap before
{Heap before GC invocations=198 (full 0):
 garbage-first heap   total 324608K, used 280303K [0x0000000080000000, 0x0000000100000000)
  region size 1024K, 68 young (69632K), 4 survivors (4096K)
 Metaspace       used 229518K, capacity 236316K, committed 236748K, reserved 1253376K
  class space    used 29417K, capacity 31828K, committed 31948K, reserved 1048576K
}
Event: 1979.137 GC heap after
{Heap after GC invocations=199 (full 0):
 garbage-first heap   total 324608K, used 214738K [0x0000000080000000, 0x0000000100000000)
  region size 1024K, 4 young (4096K), 4 survivors (4096K)
 Metaspace       used 229518K, capacity 236316K, committed 236748K, reserved 1253376K
  class space    used 29417K, capacity 31828K, committed 31948K, reserved 1048576K
}
Event: 1981.164 GC heap before
{Heap before GC invocations=200 (full 0):
 garbage-first heap   total 324608K, used 281298K [0x0000000080000000, 0x0000000100000000)
  region size 1024K, 69 young (70656K), 4 survivors (4096K)
 Metaspace       used 229921K, capacity 236647K, committed 237004K, reserved 1255424K
  class space    used 29456K, capacity 31853K, committed 31948K, reserved 1048576K
}

Deoptimization events (20 events):
Event: 1978.842 Thread 0x000001f8f5a62000 DEOPT PACKING pc=0x000001f8e7cd7188 sp=0x0000008a183f70e0
Event: 1978.842 Thread 0x000001f8f5a62000 DEOPT UNPACKING pc=0x000001f8deae85af sp=0x0000008a183f7088 mode 2
Event: 1978.928 Thread 0x000001f8f5a62000 Uncommon trap: trap_request=0xffffff45 fr.pc=0x000001f8e7d07c20 relative=0x0000000000000600
Event: 1978.928 Thread 0x000001f8f5a62000 Uncommon trap: reason=unstable_fused_if action=reinterpret pc=0x000001f8e7d07c20 method=org.objectweb.asm.ClassReader.readConst(I[C)Ljava/lang/Object; @ 15 c2
Event: 1978.928 Thread 0x000001f8f5a62000 DEOPT PACKING pc=0x000001f8e7d07c20 sp=0x0000008a183f70d0
Event: 1978.928 Thread 0x000001f8f5a62000 DEOPT UNPACKING pc=0x000001f8deae85af sp=0x0000008a183f7058 mode 2
Event: 1979.107 Thread 0x000001f8f5a62000 Uncommon trap: trap_request=0xffffff4d fr.pc=0x000001f8e7d0e8a8 relative=0x0000000000003a28
Event: 1979.107 Thread 0x000001f8f5a62000 Uncommon trap: reason=unstable_if action=reinterpret pc=0x000001f8e7d0e8a8 method=org.objectweb.asm.tree.MethodNode.accept(Lorg/objectweb/asm/MethodVisitor;)V @ 51 c2
Event: 1979.107 Thread 0x000001f8f5a62000 DEOPT PACKING pc=0x000001f8e7d0e8a8 sp=0x0000008a183f72d0
Event: 1979.107 Thread 0x000001f8f5a62000 DEOPT UNPACKING pc=0x000001f8deae85af sp=0x0000008a183f72f0 mode 2
Event: 1979.384 Thread 0x000001f8f5a62000 DEOPT PACKING pc=0x000001f8e2e166cc sp=0x0000008a183f7220
Event: 1979.384 Thread 0x000001f8f5a62000 DEOPT UNPACKING pc=0x000001f8deb29d0e sp=0x0000008a183f67e8 mode 0
Event: 1979.388 Thread 0x000001f8f5a62000 Uncommon trap: trap_request=0xffffff4d fr.pc=0x000001f8e7d2decc relative=0x000000000000556c
Event: 1979.388 Thread 0x000001f8f5a62000 Uncommon trap: reason=unstable_if action=reinterpret pc=0x000001f8e7d2decc method=org.objectweb.asm.ClassReader.readMethod(Lorg/objectweb/asm/ClassVisitor;Lorg/objectweb/asm/Context;I)I @ 316 c2
Event: 1979.388 Thread 0x000001f8f5a62000 DEOPT PACKING pc=0x000001f8e7d2decc sp=0x0000008a183f71b0
Event: 1979.388 Thread 0x000001f8f5a62000 DEOPT UNPACKING pc=0x000001f8deae85af sp=0x0000008a183f7158 mode 2
Event: 1979.934 Thread 0x000001f8f5a62000 Uncommon trap: trap_request=0xffffffbe fr.pc=0x000001f8e7b8ae48 relative=0x0000000000000548
Event: 1979.934 Thread 0x000001f8f5a62000 Uncommon trap: reason=profile_predicate action=maybe_recompile pc=0x000001f8e7b8ae48 method=sun.security.ssl.SSLTransport.decode(Lsun/security/ssl/TransportContext;[Ljava/nio/ByteBuffer;II[Ljava/nio/ByteBuffer;II)Lsun/security/ssl/Plaintext; @ 181 c2
Event: 1979.934 Thread 0x000001f8f5a62000 DEOPT PACKING pc=0x000001f8e7b8ae48 sp=0x0000008a183f66a0
Event: 1979.934 Thread 0x000001f8f5a62000 DEOPT UNPACKING pc=0x000001f8deae85af sp=0x0000008a183f65f8 mode 2

Classes redefined (0 events):
No events

Internal exceptions (20 events):
Event: 1942.306 Thread 0x000001f8f5a62000 Exception <a 'java/lang/ClassNotFoundException'{0x0000000092947c88}: org/jetbrains/plugins/gradle/tooling/util/SourceSetCachedFinderBeanInfo> (0x0000000092947c88) thrown at [./src/hotspot/share/classfile/systemDictionary.cpp, line 231]
Event: 1942.306 Thread 0x000001f8f5a62000 Exception <a 'java/lang/ClassNotFoundException'{0x0000000092956ea8}: org/jetbrains/plugins/gradle/tooling/util/SourceSetCachedFinderCustomizer> (0x0000000092956ea8) thrown at [./src/hotspot/share/classfile/systemDictionary.cpp, line 231]
Event: 1942.307 Thread 0x000001f8f5a62000 Exception <a 'java/lang/ClassNotFoundException'{0x000000009298b530}: org/jetbrains/plugins/gradle/tooling/util/SourceSetCachedFinder$ArtifactsMapBeanInfo> (0x000000009298b530) thrown at [./src/hotspot/share/classfile/systemDictionary.cpp, line 231]
Event: 1942.307 Thread 0x000001f8f5a62000 Exception <a 'java/lang/ClassNotFoundException'{0x000000009299bc38}: org/jetbrains/plugins/gradle/tooling/util/SourceSetCachedFinder$ArtifactsMapCustomizer> (0x000000009299bc38) thrown at [./src/hotspot/share/classfile/systemDictionary.cpp, line 231]
Event: 1942.590 Thread 0x000001f8f5a62000 Implicit null exception at 0x000001f8e7b8a9c1 to 0x000001f8e7b8ae2c
Event: 1942.591 Thread 0x000001f8f5a62000 Implicit null exception at 0x000001f8e7b8a9c1 to 0x000001f8e7b8ae2c
Event: 1942.591 Thread 0x000001f8f5a62000 Implicit null exception at 0x000001f8e7b8a9c1 to 0x000001f8e7b8ae2c
Event: 1977.348 Thread 0x000001f8f5a62000 Exception <a 'java/lang/NoSuchMethodError'{0x000000008f22cfe8}: <clinit>> (0x000000008f22cfe8) thrown at [./src/hotspot/share/prims/jni.cpp, line 1365]
Event: 1977.348 Thread 0x000001f8f5a62000 Exception <a 'java/lang/NoSuchMethodError'{0x000000008f23aa20}: <clinit>> (0x000000008f23aa20) thrown at [./src/hotspot/share/prims/jni.cpp, line 1365]
Event: 1977.348 Thread 0x000001f8f5a62000 Exception <a 'java/lang/NoSuchMethodError'{0x000000008f247b88}: <clinit>> (0x000000008f247b88) thrown at [./src/hotspot/share/prims/jni.cpp, line 1365]
Event: 1977.349 Thread 0x000001f8f5a62000 Exception <a 'java/lang/NoSuchMethodError'{0x000000008f255a78}: <clinit>> (0x000000008f255a78) thrown at [./src/hotspot/share/prims/jni.cpp, line 1365]
Event: 1977.371 Thread 0x000001f8f5a62000 Exception <a 'java/lang/NoSuchMethodError'{0x0000000093c98a98}: <clinit>> (0x0000000093c98a98) thrown at [./src/hotspot/share/prims/jni.cpp, line 1365]
Event: 1977.395 Thread 0x000001f8f5a62000 Exception <a 'sun/nio/fs/WindowsException'{0x0000000093a772e8}> (0x0000000093a772e8) thrown at [./src/hotspot/share/prims/jni.cpp, line 615]
Event: 1977.395 Thread 0x000001f8f5a62000 Exception <a 'sun/nio/fs/WindowsException'{0x0000000093a776a8}> (0x0000000093a776a8) thrown at [./src/hotspot/share/prims/jni.cpp, line 615]
Event: 1977.470 Thread 0x000001f8f5a62000 Exception <a 'java/lang/NullPointerException'{0x000000009339a500}> (0x000000009339a500) thrown at [./src/hotspot/share/interpreter/linkResolver.cpp, line 1440]
Event: 1977.671 Thread 0x000001f8f5a62000 Exception <a 'sun/nio/fs/WindowsException'{0x00000000926a9dd8}> (0x00000000926a9dd8) thrown at [./src/hotspot/share/prims/jni.cpp, line 615]
Event: 1977.671 Thread 0x000001f8f5a62000 Exception <a 'sun/nio/fs/WindowsException'{0x00000000926aad98}> (0x00000000926aad98) thrown at [./src/hotspot/share/prims/jni.cpp, line 615]
Event: 1977.671 Thread 0x000001f8f5a62000 Exception <a 'sun/nio/fs/WindowsException'{0x00000000926abda8}> (0x00000000926abda8) thrown at [./src/hotspot/share/prims/jni.cpp, line 615]
Event: 1977.671 Thread 0x000001f8f5a62000 Exception <a 'sun/nio/fs/WindowsException'{0x00000000926acdb8}> (0x00000000926acdb8) thrown at [./src/hotspot/share/prims/jni.cpp, line 615]
Event: 1979.934 Thread 0x000001f8f5a62000 Implicit null exception at 0x000001f8e7b8a9c1 to 0x000001f8e7b8ae2c

Events (20 events):
Event: 1978.512 Executing VM operation: G1CollectForAllocation
Event: 1978.524 Executing VM operation: G1CollectForAllocation done
Event: 1978.570 Executing VM operation: CGC_Operation
Event: 1978.570 Executing VM operation: CGC_Operation done
Event: 1978.864 Executing VM operation: G1CollectForAllocation
Event: 1978.873 Executing VM operation: G1CollectForAllocation done
Event: 1979.105 loading class org/objectweb/asm/tree/MethodNode$1
Event: 1979.105 loading class org/objectweb/asm/tree/MethodNode$1 done
Event: 1979.134 Executing VM operation: G1CollectForAllocation
Event: 1979.137 Executing VM operation: G1CollectForAllocation done
Event: 1979.532 Executing VM operation: CGC_Operation
Event: 1979.572 Executing VM operation: CGC_Operation done
Event: 1979.621 loading class org/gradle/api/internal/artifacts/ivyservice/modulecache/ModuleMetadataSerializer$1
Event: 1979.621 loading class org/gradle/api/internal/artifacts/ivyservice/modulecache/ModuleMetadataSerializer$1 done
Event: 1979.758 Executing VM operation: CGC_Operation
Event: 1979.758 Executing VM operation: CGC_Operation done
Event: 1980.242 Thread 0x000001f8f56bd800 Thread exited: 0x000001f8f56bd800
Event: 1980.389 loading class org/gradle/internal/component/external/model/AbstractRealisedModuleComponentResolveMetadata$ImmutableRealisedVariantImpl
Event: 1980.389 loading class org/gradle/internal/component/external/model/AbstractRealisedModuleComponentResolveMetadata$ImmutableRealisedVariantImpl done
Event: 1981.164 Executing VM operation: G1CollectForAllocation


Dynamic libraries:
0x00007ff69cbe0000 - 0x00007ff69cbea000 	C:\Program Files\Android\Android Studio\jre\bin\java.exe
0x00007ff98f550000 - 0x00007ff98f745000 	C:\WINDOWS\SYSTEM32\ntdll.dll
0x00007ff98e330000 - 0x00007ff98e3ee000 	C:\WINDOWS\System32\KERNEL32.DLL
0x00007ff98d1c0000 - 0x00007ff98d488000 	C:\WINDOWS\System32\KERNELBASE.dll
0x00007ff98cc70000 - 0x00007ff98cd70000 	C:\WINDOWS\System32\ucrtbase.dll
0x00007ff95f340000 - 0x00007ff95f359000 	C:\Program Files\Android\Android Studio\jre\bin\jli.dll
0x00007ff95ee40000 - 0x00007ff95ee57000 	C:\Program Files\Android\Android Studio\jre\bin\VCRUNTIME140.dll
0x00007ff98d6b0000 - 0x00007ff98d851000 	C:\WINDOWS\System32\USER32.dll
0x00007ff98d4e0000 - 0x00007ff98d502000 	C:\WINDOWS\System32\win32u.dll
0x00007ff970760000 - 0x00007ff9709fa000 	C:\WINDOWS\WinSxS\amd64_microsoft.windows.common-controls_6595b64144ccf1df_6.0.19041.1110_none_60b5254171f9507e\COMCTL32.dll
0x00007ff98da70000 - 0x00007ff98da9b000 	C:\WINDOWS\System32\GDI32.dll
0x00007ff98e3f0000 - 0x00007ff98e48e000 	C:\WINDOWS\System32\msvcrt.dll
0x00007ff98cd70000 - 0x00007ff98ce7b000 	C:\WINDOWS\System32\gdi32full.dll
0x00007ff98ce80000 - 0x00007ff98cf1d000 	C:\WINDOWS\System32\msvcp_win.dll
0x00007ff98e890000 - 0x00007ff98e8c0000 	C:\WINDOWS\System32\IMM32.DLL
0x00007ff956560000 - 0x00007ff9565fd000 	C:\Program Files\Android\Android Studio\jre\bin\msvcp140.dll
0x00007ff951480000 - 0x00007ff951f65000 	C:\Program Files\Android\Android Studio\jre\bin\server\jvm.dll
0x00007ff98e960000 - 0x00007ff98ea0c000 	C:\WINDOWS\System32\ADVAPI32.dll
0x00007ff98d610000 - 0x00007ff98d6ab000 	C:\WINDOWS\System32\sechost.dll
0x00007ff98e620000 - 0x00007ff98e74a000 	C:\WINDOWS\System32\RPCRT4.dll
0x00007ff98d5a0000 - 0x00007ff98d5a8000 	C:\WINDOWS\System32\PSAPI.DLL
0x00007ff977b40000 - 0x00007ff977b49000 	C:\WINDOWS\SYSTEM32\WSOCK32.dll
0x00007ff963ff0000 - 0x00007ff964017000 	C:\WINDOWS\SYSTEM32\WINMM.dll
0x00007ff981ba0000 - 0x00007ff981baa000 	C:\WINDOWS\SYSTEM32\VERSION.dll
0x00007ff98de40000 - 0x00007ff98deab000 	C:\WINDOWS\System32\WS2_32.dll
0x00007ff98b490000 - 0x00007ff98b4a2000 	C:\WINDOWS\SYSTEM32\kernel.appcore.dll
0x00007ff9764e0000 - 0x00007ff9764f1000 	C:\Program Files\Android\Android Studio\jre\bin\verify.dll
0x00007ff9879c0000 - 0x00007ff987ba4000 	C:\WINDOWS\SYSTEM32\DBGHELP.DLL
0x00007ff96f760000 - 0x00007ff96f78c000 	C:\WINDOWS\SYSTEM32\dbgcore.DLL
0x00007ff98d510000 - 0x00007ff98d593000 	C:\WINDOWS\System32\bcryptPrimitives.dll
0x00007ff96d620000 - 0x00007ff96d649000 	C:\Program Files\Android\Android Studio\jre\bin\java.dll
0x00007ff9764d0000 - 0x00007ff9764db000 	C:\Program Files\Android\Android Studio\jre\bin\jimage.dll
0x00007ff975650000 - 0x00007ff975668000 	C:\Program Files\Android\Android Studio\jre\bin\zip.dll
0x00007ff98ea70000 - 0x00007ff98f1af000 	C:\WINDOWS\System32\SHELL32.dll
0x00007ff987bb0000 - 0x00007ff988340000 	C:\WINDOWS\SYSTEM32\windows.storage.dll
0x00007ff98f1b0000 - 0x00007ff98f505000 	C:\WINDOWS\System32\combase.dll
0x00007ff98c510000 - 0x00007ff98c53e000 	C:\WINDOWS\SYSTEM32\Wldp.dll
0x00007ff98e570000 - 0x00007ff98e61d000 	C:\WINDOWS\System32\SHCORE.dll
0x00007ff98dde0000 - 0x00007ff98de35000 	C:\WINDOWS\System32\shlwapi.dll
0x00007ff98cbb0000 - 0x00007ff98cbcf000 	C:\WINDOWS\SYSTEM32\profapi.dll
0x00007ff96eea0000 - 0x00007ff96eeba000 	C:\Program Files\Android\Android Studio\jre\bin\net.dll
0x00007ff979c60000 - 0x00007ff979d6c000 	C:\WINDOWS\SYSTEM32\WINHTTP.dll
0x00007ff98c2f0000 - 0x00007ff98c35a000 	C:\WINDOWS\system32\mswsock.dll
0x00007ff96e310000 - 0x00007ff96e324000 	C:\Program Files\Android\Android Studio\jre\bin\nio.dll
0x00007ff95f680000 - 0x00007ff95f6a7000 	C:\Users\HP\.gradle\native\e1d6ef7f7dcc3fd88c89a11ec53ec762bb8ba0a96d01ffa2cd45eb1d1d8dd5c5\windows-amd64\native-platform.dll
0x00007ff956310000 - 0x00007ff956454000 	C:\Users\HP\.gradle\native\0d407fdbe67a94daf76414ababcb853783967236a71b16ec16e742cd7a986fd3\windows-amd64\native-platform-file-events.dll
0x00007ff975a20000 - 0x00007ff975a2a000 	C:\Program Files\Android\Android Studio\jre\bin\management.dll
0x00007ff972a10000 - 0x00007ff972a1d000 	C:\Program Files\Android\Android Studio\jre\bin\management_ext.dll
0x00007ff98c550000 - 0x00007ff98c568000 	C:\WINDOWS\SYSTEM32\CRYPTSP.dll
0x00007ff98bc90000 - 0x00007ff98bcc4000 	C:\WINDOWS\system32\rsaenh.dll
0x00007ff98d190000 - 0x00007ff98d1b7000 	C:\WINDOWS\System32\bcrypt.dll
0x00007ff98cb70000 - 0x00007ff98cb9e000 	C:\WINDOWS\SYSTEM32\USERENV.dll
0x00007ff98c480000 - 0x00007ff98c48c000 	C:\WINDOWS\SYSTEM32\CRYPTBASE.dll
0x00007ff98c000000 - 0x00007ff98c03b000 	C:\WINDOWS\SYSTEM32\IPHLPAPI.DLL
0x00007ff98dd00000 - 0x00007ff98dd08000 	C:\WINDOWS\System32\NSI.dll
0x00007ff980b90000 - 0x00007ff980ba7000 	C:\WINDOWS\SYSTEM32\dhcpcsvc6.DLL
0x00007ff97f2d0000 - 0x00007ff97f2ed000 	C:\WINDOWS\SYSTEM32\dhcpcsvc.DLL
0x00007ff98c040000 - 0x00007ff98c10b000 	C:\WINDOWS\SYSTEM32\DNSAPI.dll
0x00007ff96b5d0000 - 0x00007ff96b5f7000 	C:\Program Files\Android\Android Studio\jre\bin\sunec.dll
0x00007ff978740000 - 0x00007ff97874a000 	C:\Windows\System32\rasadhlp.dll
0x00007ff978660000 - 0x00007ff9786df000 	C:\WINDOWS\System32\fwpuclnt.dll
0x00007ff98b940000 - 0x00007ff98b973000 	C:\WINDOWS\SYSTEM32\ntmarta.dll

dbghelp: loaded successfully - version: 4.0.5 - missing functions: none
symbol engine: initialized successfully - sym options: 0x614 - pdb path: .;C:\Program Files\Android\Android Studio\jre\bin;C:\WINDOWS\SYSTEM32;C:\WINDOWS\WinSxS\amd64_microsoft.windows.common-controls_6595b64144ccf1df_6.0.19041.1110_none_60b5254171f9507e;C:\Program Files\Android\Android Studio\jre\bin\server;C:\Users\HP\.gradle\native\e1d6ef7f7dcc3fd88c89a11ec53ec762bb8ba0a96d01ffa2cd45eb1d1d8dd5c5\windows-amd64;C:\Users\HP\.gradle\native\0d407fdbe67a94daf76414ababcb853783967236a71b16ec16e742cd7a986fd3\windows-amd64

VM Arguments:
jvm_args: --add-opens=java.base/java.util=ALL-UNNAMED --add-opens=java.base/java.lang=ALL-UNNAMED --add-opens=java.base/java.lang.invoke=ALL-UNNAMED --add-opens=java.base/java.util=ALL-UNNAMED --add-opens=java.prefs/java.util.prefs=ALL-UNNAMED --add-opens=java.prefs/java.util.prefs=ALL-UNNAMED --add-opens=java.base/java.nio.charset=ALL-UNNAMED --add-opens=java.base/java.net=ALL-UNNAMED --add-opens=java.base/java.util.concurrent.atomic=ALL-UNNAMED -Xmx2048m -Dfile.encoding=UTF-8 -Duser.country=IN -Duser.language=en -Duser.variant 
java_command: org.gradle.launcher.daemon.bootstrap.GradleDaemon 7.4
java_class_path (initial): C:\Users\HP\.gradle\wrapper\dists\gradle-7.4-bin\c0gwcg53nkjbqw7r0h0umtfvt\gradle-7.4\lib\gradle-launcher-7.4.jar
Launcher Type: SUN_STANDARD

[Global flags]
     intx CICompilerCount                          = 3                                         {product} {ergonomic}
     uint ConcGCThreads                            = 1                                         {product} {ergonomic}
     uint G1ConcRefinementThreads                  = 4                                         {product} {ergonomic}
   size_t G1HeapRegionSize                         = 1048576                                   {product} {ergonomic}
    uintx GCDrainStackTargetSize                   = 64                                        {product} {ergonomic}
   size_t InitialHeapSize                          = 132120576                                 {product} {ergonomic}
   size_t MarkStackSize                            = 4194304                                   {product} {ergonomic}
   size_t MaxHeapSize                              = 2147483648                                {product} {command line}
   size_t MaxNewSize                               = 1287651328                                {product} {ergonomic}
   size_t MinHeapDeltaBytes                        = 1048576                                   {product} {ergonomic}
    uintx NonNMethodCodeHeapSize                   = 5830732                                {pd product} {ergonomic}
    uintx NonProfiledCodeHeapSize                  = 122913754                              {pd product} {ergonomic}
    uintx ProfiledCodeHeapSize                     = 122913754                              {pd product} {ergonomic}
    uintx ReservedCodeCacheSize                    = 251658240                              {pd product} {ergonomic}
     bool SegmentedCodeCache                       = true                                      {product} {ergonomic}
     bool UseCompressedClassPointers               = true                                 {lp64_product} {ergonomic}
     bool UseCompressedOops                        = true                                 {lp64_product} {ergonomic}
     bool UseG1GC                                  = true                                      {product} {ergonomic}
     bool UseLargePagesIndividualAllocation        = false                                  {pd product} {ergonomic}

Logging:
Log output configuration:
 #0: stdout all=warning uptime,level,tags
 #1: stderr all=off uptime,level,tags

Environment Variables:
JAVA_HOME=C:\Program Files\Java\jdk1.8.0_291\
PATH=C:\Program Files (x86)\Common Files\Oracle\Java\javapath;C:\oraclexe\app\oracle\product\11.2.0\server\bin;C:\WINDOWS\system32;C:\WINDOWS;C:\WINDOWS\System32\Wbem;C:\WINDOWS\System32\WindowsPowerShell\v1.0\;C:\WINDOWS\System32\OpenSSH\;C:\Program Files\CMake\bin;C:\TDM-GCC-64\bin;C:\Program Files\dotnet\;C:\Program Files\Git\cmd;C:\Program Files (x86)\Windows Kits\10\Windows Performance Toolkit\;C:\Program Files\Microsoft SQL Server\130\Tools\Binn\;C:\Program Files\Microsoft SQL Server\Client SDK\ODBC\170\Tools\Binn\;C:\Users\HP\vcpkg;C:\New folder\platform-tools;D:\;C:\Program Files\Java\jdk1.8.0_291\bin;C:\Program Files\Java\jre1.8.0_291\bin;C:\Program Files\poppler-0.68.0\bin;C:\Program Files\MongoDB\Server\5.0\bin;C:\kotlinCompiler\kotlinc\bin;C:\Users\HP\AppData\Local\Programs\Python\Python39\Scripts\;C:\Users\HP\AppData\Local\Programs\Python\Python39\;C:\Users\HP\AppData\Local\Microsoft\WindowsApps;C:\Users\HP\AppData\Local\Programs\Microsoft VS Code\bin;C:\Program Files\Sublime Text 3;C:\Program Files\JetBrains\PyCharm Community Edition 2021.1.1\bin;;C:\Program Files\mingw-w64\x86_64-8.1.0-posix-seh-rt_v6-rev0\mingw64\bin;C:\Program Files\JetBrains\IntelliJ IDEA Community Edition 2021.1.1\bin;C:\Program Files\Android\Android Studio\lib;;C:\cygwin64\bin;C:\Program Files\Android\Android Studio\lib;C:\flutter\bin;C:\Database;C:\sqlite;C:\Program Files\JetBrains\CLion 2021.2\bin;;C:\Users\HP\.dotnet\tools;C:\Users\HP\vcpkg;C:\kotlinCompiler\kotlinc\bin;
USERNAME=Harsh
OS=Windows_NT
PROCESSOR_IDENTIFIER=Intel64 Family 6 Model 126 Stepping 5, GenuineIntel



---------------  S Y S T E M  ---------------

OS: Windows 10 , 64 bit Build 19041 (10.0.19041.1348)
OS uptime: 0 days 0:51 hours
Hyper-V role detected

CPU:total 4 (initial active 4) (2 cores per cpu, 2 threads per core) family 6 model 126 stepping 5 microcode 0xa6, cmov, cx8, fxsr, mmx, sse, sse2, sse3, ssse3, sse4.1, sse4.2, popcnt, avx, avx2, aes, clmul, erms, 3dnowpref, lzcnt, ht, tsc, tscinvbit, bmi1, bmi2, adx, evex, sha, fma

Memory: 4k page, system-wide physical 7973M (3293M free)
TotalPageFile size 20261M (AvailPageFile size 14849M)
current process WorkingSet (physical memory assigned to process): 753M, peak: 774M
current process commit charge ("private bytes"): 875M, peak: 899M

vm_info: OpenJDK 64-Bit Server VM (11.0.12+7-b1504.28-7817840) for windows-amd64 JRE (11.0.12+7-b1504.28-7817840), built on Oct 13 2021 22:12:33 by "builder" with MS VC++ 14.0 (VS2015)

END.
